2020-06-20 16:48:06 +0000  Initial pipeline context: <IDEDistributionProcessingPipelineContext: 0x7fa1a940f910; archive(resolved)='<IDEArchive: 0x7fa1c32b1b60>', distributionTask(resolved)='2', distributionDestination(resolved)='1', distributionMethod(resolved)='<IDEDistributionMethodDevelopmentSigned: 0x7fa1a761e310>', team(resolved)='<IDEProvisioningDisambiguatableBasicTeam: 0x7fa1be06eb30; teamID='HA389773C9', teamName='Tiem Nguyen Khanh', teamType='Individual', username='tiemnk@gmail.com', isFreeProvisioningTeam='0'>'>
	Chain (13, self inclusive):
	<IDEDistributionProcessingPipelineContext: 0x7fa1a940f910; archive = '<IDEArchive: 0x7fa1c32b1b60>', distributionMethod='<IDEDistributionMethodDevelopmentSigned: 0x7fa1a761e310>', team='<IDEProvisioningDisambiguatableBasicTeam: 0x7fa1be06eb30; teamID='HA389773C9', teamName='Tiem Nguyen Khanh', teamType='Individual', username='tiemnk@gmail.com', isFreeProvisioningTeam='0'>'>
	<IDEDistributionProcessingPipelineContext: 0x7fa1a9410e10; archive = '<IDEArchive: 0x7fa1c32b1b60>', distributionMethod='<IDEDistributionMethodDevelopmentSigned: 0x7fa1a761e310>', team='<IDEProvisioningDisambiguatableBasicTeam: 0x7fa1be06eb30; teamID='HA389773C9', teamName='Tiem Nguyen Khanh', teamType='Individual', username='tiemnk@gmail.com', isFreeProvisioningTeam='0'>'>
	<IDEDistributionContext: 0x7fa1a89a40e0; archive = '<IDEArchive: 0x7fa1c32b1b60>', distributionMethod='<IDEDistributionMethodDevelopmentSigned: 0x7fa1a761e310>', team='<IDEProvisioningDisambiguatableBasicTeam: 0x7fa1be06eb30; teamID='HA389773C9', teamName='Tiem Nguyen Khanh', teamType='Individual', username='tiemnk@gmail.com', isFreeProvisioningTeam='0'>'>
	<IDEDistributionContext: 0x7fa1ba8deab0; archive = '<IDEArchive: 0x7fa1c32b1b60>', distributionMethod='<IDEDistributionMethodDevelopmentSigned: 0x7fa1a761e310>', team='<IDEProvisioningDisambiguatableBasicTeam: 0x7fa1be06eb30; teamID='HA389773C9', teamName='Tiem Nguyen Khanh', teamType='Individual', username='tiemnk@gmail.com', isFreeProvisioningTeam='0'>'>
	<IDEDistributionContext: 0x7fa1a75e81a0; archive = '<IDEArchive: 0x7fa1c32b1b60>', distributionMethod='<IDEDistributionMethodDevelopmentSigned: 0x7fa1a761e310>', team='<IDEProvisioningDisambiguatableBasicTeam: 0x7fa1be06eb30; teamID='HA389773C9', teamName='Tiem Nguyen Khanh', teamType='Individual', username='tiemnk@gmail.com', isFreeProvisioningTeam='0'>'>
	<IDEDistributionContext: 0x7fa1a75603b0; archive = '<IDEArchive: 0x7fa1c32b1b60>', distributionMethod='<IDEDistributionMethodDevelopmentSigned: 0x7fa1a761e310>', team='<IDEProvisioningDisambiguatableBasicTeam: 0x7fa1be06eb30; teamID='HA389773C9', teamName='Tiem Nguyen Khanh', teamType='Individual', username='tiemnk@gmail.com', isFreeProvisioningTeam='0'>'>
	<IDEDistributionContext: 0x7fa1a9402e70; archive = '<IDEArchive: 0x7fa1c32b1b60>', distributionMethod='<IDEDistributionMethodDevelopmentSigned: 0x7fa1a761e310>', team='<IDEProvisioningDisambiguatableBasicTeam: 0x7fa1be06eb30; teamID='HA389773C9', teamName='Tiem Nguyen Khanh', teamType='Individual', username='tiemnk@gmail.com', isFreeProvisioningTeam='0'>'>
	<IDEDistributionContext: 0x7fa1a940afb0; archive = '<IDEArchive: 0x7fa1c32b1b60>', distributionMethod='<IDEDistributionMethodDevelopmentSigned: 0x7fa1a761e310>', team='<IDEProvisioningDisambiguatableBasicTeam: 0x7fa1be06eb30; teamID='HA389773C9', teamName='Tiem Nguyen Khanh', teamType='Individual', username='tiemnk@gmail.com', isFreeProvisioningTeam='0'>'>
	<IDEDistributionContext: 0x7fa1a935b250; archive = '<IDEArchive: 0x7fa1c32b1b60>', distributionMethod='<IDEDistributionMethodDevelopmentSigned: 0x7fa1a761e310>', team='<IDEProvisioningDisambiguatableBasicTeam: 0x7fa1be06eb30; teamID='HA389773C9', teamName='Tiem Nguyen Khanh', teamType='Individual', username='tiemnk@gmail.com', isFreeProvisioningTeam='0'>'>
	<IDEDistributionContext: 0x7fa1c40b48b0; archive = '<IDEArchive: 0x7fa1c32b1b60>', distributionMethod='<IDEDistributionMethodDevelopmentSigned: 0x7fa1a761e310>', team='(null)'>
	<IDEDistributionContext: 0x7fa1bb050eb0; archive = '<IDEArchive: 0x7fa1c32b1b60>', distributionMethod='<IDEDistributionMethodDevelopmentSigned: 0x7fa1a761e310>', team='(null)'>
	<IDEDistributionContext: 0x7fa1a8d1a530; archive = '<IDEArchive: 0x7fa1c32b1b60>', distributionMethod='<IDEDistributionMethodDevelopmentSigned: 0x7fa1a761e310>', team='(null)'>
	<IDEDistributionContext: 0x7fa1a9380bd0; archive = '<IDEArchive: 0x7fa1c32b1b60>', distributionMethod='(null)', team='(null)'>
</IDEDistributionProcessingPipelineContext: 0x7fa1a940f910>
2020-06-20 16:48:06 +0000  Processing step: IDEDistributionCreateDestRootStep
2020-06-20 16:48:06 +0000  Processing step: IDEDistributionCopyItemStep
2020-06-20 16:48:06 +0000  Running /usr/bin/ditto '-V' '/Users/duongbkak55/Library/Developer/Xcode/Archives/2020-06-20/AppNoiSoi 6-20-20, 23.47.xcarchive/Products/Applications/Làm sạch đại tràng.app' '/var/folders/l9/snfzzlh13fs1hrxjc5lqx3m40000gn/T/XcodeDistPipeline.~~~t8sjQX/Root/Payload/Làm sạch đại tràng.app'
2020-06-20 16:48:06 +0000  >>> Copying /Users/duongbkak55/Library/Developer/Xcode/Archives/2020-06-20/AppNoiSoi 6-20-20, 23.47.xcarchive/Products/Applications/Làm sạch đại tràng.app 
2020-06-20 16:48:06 +0000  copying file ./_CodeSignature/CodeResources ... 
2020-06-20 16:48:06 +0000  39591 bytes for ./_CodeSignature/CodeResources
2020-06-20 16:48:06 +0000  copying file ./Fontisto.ttf ... 
2020-06-20 16:48:06 +0000  313528 bytes for ./Fontisto.ttf
2020-06-20 16:48:06 +0000  copying file ./Octicons.ttf ... 
2020-06-20 16:48:06 +0000  28364 bytes for ./Octicons.ttf
2020-06-20 16:48:06 +0000  copying file ./Feather.ttf ... 
2020-06-20 16:48:06 +0000  58272 bytes for ./Feather.ttf
copying file ./Roboto_medium.ttf ... 
2020-06-20 16:48:06 +0000  137308 bytes for ./Roboto_medium.ttf
2020-06-20 16:48:06 +0000  copying file ./AppIcon20x20@2x.png ... 
2020-06-20 16:48:06 +0000  3388 bytes for ./AppIcon20x20@2x.png
2020-06-20 16:48:06 +0000  copying file ./Entypo.ttf ... 
2020-06-20 16:48:06 +0000  65584 bytes for ./Entypo.ttf
copying file ./AppIcon20x20@3x.png ... 
2020-06-20 16:48:06 +0000  6363 bytes for ./AppIcon20x20@3x.png
2020-06-20 16:48:06 +0000  copying file ./FontAwesome5_Brands.ttf ... 
2020-06-20 16:48:06 +0000  125016 bytes for ./FontAwesome5_Brands.ttf
2020-06-20 16:48:06 +0000  copying file ./AppIcon29x29.png ... 
2020-06-20 16:48:06 +0000  1948 bytes for ./AppIcon29x29.png
copying file ./MaterialCommunityIcons.ttf ... 
2020-06-20 16:48:06 +0000  546548 bytes for ./MaterialCommunityIcons.ttf
2020-06-20 16:48:06 +0000  copying file ./AppIcon60x60@2x.png ... 
2020-06-20 16:48:06 +0000  16143 bytes for ./AppIcon60x60@2x.png
2020-06-20 16:48:06 +0000  copying file ./AppIcon29x29@2x.png ... 
2020-06-20 16:48:06 +0000  6019 bytes for ./AppIcon29x29@2x.png
2020-06-20 16:48:06 +0000  copying file ./AntDesign.ttf ... 
2020-06-20 16:48:06 +0000  70344 bytes for ./AntDesign.ttf
2020-06-20 16:48:06 +0000  copying file ./Làm sạch đại tràng ... 
2020-06-20 16:48:06 +0000  8776240 bytes for ./Làm sạch đại tràng
copying file ./AppIcon40x40@3x.png ... 
2020-06-20 16:48:06 +0000  16143 bytes for ./AppIcon40x40@3x.png
2020-06-20 16:48:06 +0000  copying file ./Foundation.ttf ... 
2020-06-20 16:48:06 +0000  56976 bytes for ./Foundation.ttf
2020-06-20 16:48:06 +0000  copying file ./AppIcon29x29~ipad.png ... 
2020-06-20 16:48:06 +0000  1948 bytes for ./AppIcon29x29~ipad.png
2020-06-20 16:48:06 +0000  copying file ./Ionicons.ttf ... 
2020-06-20 16:48:06 +0000  112472 bytes for ./Ionicons.ttf
2020-06-20 16:48:06 +0000  copying file ./FontAwesome5_Solid.ttf ... 
2020-06-20 16:48:06 +0000  186228 bytes for ./FontAwesome5_Solid.ttf
2020-06-20 16:48:06 +0000  copying file ./AppIcon40x40@2x.png ... 
2020-06-20 16:48:06 +0000  9964 bytes for ./AppIcon40x40@2x.png
2020-06-20 16:48:06 +0000  copying file ./FontAwesome5_Regular.ttf ... 
2020-06-20 16:48:06 +0000  34092 bytes for ./FontAwesome5_Regular.ttf
2020-06-20 16:48:06 +0000  copying file ./AppIcon29x29@3x.png ... 
2020-06-20 16:48:06 +0000  11070 bytes for ./AppIcon29x29@3x.png
2020-06-20 16:48:06 +0000  copying file ./AppIcon60x60@3x.png ... 
2020-06-20 16:48:06 +0000  25455 bytes for ./AppIcon60x60@3x.png
2020-06-20 16:48:06 +0000  copying file ./rubicon-icon-font.ttf ... 
2020-06-20 16:48:06 +0000  10208 bytes for ./rubicon-icon-font.ttf
2020-06-20 16:48:06 +0000  copying file ./Base.lproj/LaunchScreen.nib ... 
2020-06-20 16:48:06 +0000  1673 bytes for ./Base.lproj/LaunchScreen.nib
2020-06-20 16:48:06 +0000  copying file ./FontAwesome.ttf ... 
2020-06-20 16:48:06 +0000  165548 bytes for ./FontAwesome.ttf
2020-06-20 16:48:06 +0000  copying file ./Zocial.ttf ... 
2020-06-20 16:48:06 +0000  25552 bytes for ./Zocial.ttf
2020-06-20 16:48:06 +0000  copying file ./Roboto.ttf ... 
2020-06-20 16:48:06 +0000  145348 bytes for ./Roboto.ttf
2020-06-20 16:48:06 +0000  copying file ./Assets.car ... 
2020-06-20 16:48:06 +0000  817199 bytes for ./Assets.car
copying file ./AppIcon40x40@2x~ipad.png ... 
2020-06-20 16:48:06 +0000  9964 bytes for ./AppIcon40x40@2x~ipad.png
2020-06-20 16:48:06 +0000  copying file ./EvilIcons.ttf ... 
2020-06-20 16:48:06 +0000  13456 bytes for ./EvilIcons.ttf
2020-06-20 16:48:06 +0000  copying file ./AppIcon76x76@2x~ipad.png ... 
2020-06-20 16:48:06 +0000  21216 bytes for ./AppIcon76x76@2x~ipad.png
2020-06-20 16:48:06 +0000  copying file ./main.jsbundle ... 
2020-06-20 16:48:06 +0000  3070040 bytes for ./main.jsbundle
2020-06-20 16:48:06 +0000  copying file ./AppIcon83.5x83.5@2x~ipad.png ... 
2020-06-20 16:48:06 +0000  23331 bytes for ./AppIcon83.5x83.5@2x~ipad.png
copying file ./AppIcon29x29@2x~ipad.png ... 
2020-06-20 16:48:06 +0000  6019 bytes for ./AppIcon29x29@2x~ipad.png
2020-06-20 16:48:06 +0000  copying file ./AppIcon40x40~ipad.png ... 
2020-06-20 16:48:06 +0000  3388 bytes for ./AppIcon40x40~ipad.png
2020-06-20 16:48:06 +0000  copying file ./AppIcon20x20~ipad.png ... 
2020-06-20 16:48:06 +0000  1079 bytes for ./AppIcon20x20~ipad.png
2020-06-20 16:48:06 +0000  copying file ./SimpleLineIcons.ttf ... 
2020-06-20 16:48:06 +0000  54056 bytes for ./SimpleLineIcons.ttf
2020-06-20 16:48:06 +0000  copying file ./embedded.mobileprovision ... 
2020-06-20 16:48:06 +0000  11491 bytes for ./embedded.mobileprovision
2020-06-20 16:48:06 +0000  copying file ./assets/app.json ... 
2020-06-20 16:48:06 +0000  55 bytes for ./assets/app.json
2020-06-20 16:48:06 +0000  copying file ./assets/node_modules/react-native-ratings/src/images/bell.png ... 
2020-06-20 16:48:06 +0000  2989 bytes for ./assets/node_modules/react-native-ratings/src/images/bell.png
copying file ./assets/node_modules/react-native-ratings/src/images/airbnb-star-selected.png ... 
2020-06-20 16:48:06 +0000  934 bytes for ./assets/node_modules/react-native-ratings/src/images/airbnb-star-selected.png
2020-06-20 16:48:06 +0000  copying file ./assets/node_modules/react-native-ratings/src/images/heart.png ... 
2020-06-20 16:48:06 +0000  1928 bytes for ./assets/node_modules/react-native-ratings/src/images/heart.png
2020-06-20 16:48:06 +0000  copying file ./assets/node_modules/react-native-ratings/src/images/airbnb-star.png ... 
2020-06-20 16:48:06 +0000  930 bytes for ./assets/node_modules/react-native-ratings/src/images/airbnb-star.png
2020-06-20 16:48:06 +0000  copying file ./assets/node_modules/react-native-ratings/src/images/rocket.png ... 
2020-06-20 16:48:06 +0000  4050 bytes for ./assets/node_modules/react-native-ratings/src/images/rocket.png
2020-06-20 16:48:06 +0000  copying file ./assets/node_modules/react-native-ratings/src/images/star.png ... 
2020-06-20 16:48:06 +0000  1961 bytes for ./assets/node_modules/react-native-ratings/src/images/star.png
2020-06-20 16:48:06 +0000  copying file ./assets/node_modules/native-base/dist/src/basic/Icon/NBIcons.json ... 
2020-06-20 16:48:06 +0000  59995 bytes for ./assets/node_modules/native-base/dist/src/basic/Icon/NBIcons.json
2020-06-20 16:48:06 +0000  copying file ./assets/node_modules/moment-timezone/data/packed/latest.json ... 
2020-06-20 16:48:06 +0000  191041 bytes for ./assets/node_modules/moment-timezone/data/packed/latest.json
2020-06-20 16:48:06 +0000  copying file ./assets/node_modules/react-native-router-flux/images/menu_burger.png ... 
2020-06-20 16:48:06 +0000  706 bytes for ./assets/node_modules/react-native-router-flux/images/menu_burger.png
2020-06-20 16:48:06 +0000  copying file ./assets/node_modules/react-native-router-flux/images/back_chevron.png ... 
2020-06-20 16:48:06 +0000  575 bytes for ./assets/node_modules/react-native-router-flux/images/back_chevron.png
2020-06-20 16:48:06 +0000  copying file ./assets/node_modules/react-navigation-stack/lib/module/views/assets/back-icon@3x.png ... 
2020-06-20 16:48:06 +0000  761 bytes for ./assets/node_modules/react-navigation-stack/lib/module/views/assets/back-icon@3x.png
2020-06-20 16:48:06 +0000  copying file ./assets/node_modules/react-navigation-stack/lib/module/views/assets/back-icon@2x.png ... 
2020-06-20 16:48:06 +0000  405 bytes for ./assets/node_modules/react-navigation-stack/lib/module/views/assets/back-icon@2x.png
2020-06-20 16:48:06 +0000  copying file ./assets/node_modules/react-navigation-stack/lib/module/views/assets/back-icon.png ... 
2020-06-20 16:48:06 +0000  290 bytes for ./assets/node_modules/react-navigation-stack/lib/module/views/assets/back-icon.png
2020-06-20 16:48:06 +0000  copying file ./assets/node_modules/react-navigation-stack/lib/module/views/assets/back-icon-mask.png ... 
2020-06-20 16:48:06 +0000  1619 bytes for ./assets/node_modules/react-navigation-stack/lib/module/views/assets/back-icon-mask.png
2020-06-20 16:48:06 +0000  copying file ./assets/node_modules/react-native-vector-icons/glyphmaps/Ionicons.json ... 
2020-06-20 16:48:06 +0000  17166 bytes for ./assets/node_modules/react-native-vector-icons/glyphmaps/Ionicons.json
2020-06-20 16:48:06 +0000  copying file ./assets/node_modules/react-native-vector-icons/glyphmaps/Fontisto.json ... 
2020-06-20 16:48:06 +0000  13107 bytes for ./assets/node_modules/react-native-vector-icons/glyphmaps/Fontisto.json
2020-06-20 16:48:06 +0000  copying file ./assets/node_modules/react-native-vector-icons/glyphmaps/EvilIcons.json ... 
2020-06-20 16:48:06 +0000  1454 bytes for ./assets/node_modules/react-native-vector-icons/glyphmaps/EvilIcons.json
2020-06-20 16:48:06 +0000  copying file ./assets/node_modules/react-native-vector-icons/glyphmaps/Octicons.json ... 
2020-06-20 16:48:06 +0000  3992 bytes for ./assets/node_modules/react-native-vector-icons/glyphmaps/Octicons.json
2020-06-20 16:48:06 +0000  copying file ./assets/node_modules/react-native-vector-icons/glyphmaps/FontAwesome5Free_meta.json ... 
2020-06-20 16:48:06 +0000  26240 bytes for ./assets/node_modules/react-native-vector-icons/glyphmaps/FontAwesome5Free_meta.json
copying file ./assets/node_modules/react-native-vector-icons/glyphmaps/FontAwesome.json ... 
2020-06-20 16:48:06 +0000  17437 bytes for ./assets/node_modules/react-native-vector-icons/glyphmaps/FontAwesome.json
copying file ./assets/node_modules/react-native-vector-icons/glyphmaps/MaterialIcons.json ... 
2020-06-20 16:48:06 +0000  22815 bytes for ./assets/node_modules/react-native-vector-icons/glyphmaps/MaterialIcons.json
2020-06-20 16:48:06 +0000  copying file ./assets/node_modules/react-native-vector-icons/glyphmaps/Entypo.json ... 
2020-06-20 16:48:06 +0000  9486 bytes for ./assets/node_modules/react-native-vector-icons/glyphmaps/Entypo.json
2020-06-20 16:48:06 +0000  copying file ./assets/node_modules/react-native-vector-icons/glyphmaps/SimpleLineIcons.json ... 
2020-06-20 16:48:06 +0000  4102 bytes for ./assets/node_modules/react-native-vector-icons/glyphmaps/SimpleLineIcons.json
2020-06-20 16:48:06 +0000  copying file ./assets/node_modules/react-native-vector-icons/glyphmaps/AntDesign.json ... 
2020-06-20 16:48:06 +0000  6303 bytes for ./assets/node_modules/react-native-vector-icons/glyphmaps/AntDesign.json
2020-06-20 16:48:06 +0000  copying file ./assets/node_modules/react-native-vector-icons/glyphmaps/FontAwesome5Free.json ... 
2020-06-20 16:48:06 +0000  30175 bytes for ./assets/node_modules/react-native-vector-icons/glyphmaps/FontAwesome5Free.json
2020-06-20 16:48:06 +0000  copying file ./assets/node_modules/react-native-vector-icons/glyphmaps/Feather.json ... 
2020-06-20 16:48:06 +0000  5933 bytes for ./assets/node_modules/react-native-vector-icons/glyphmaps/Feather.json
2020-06-20 16:48:06 +0000  copying file ./assets/node_modules/react-native-vector-icons/glyphmaps/MaterialCommunityIcons.json ... 
2020-06-20 16:48:06 +0000  97065 bytes for ./assets/node_modules/react-native-vector-icons/glyphmaps/MaterialCommunityIcons.json
copying file ./assets/node_modules/react-native-vector-icons/glyphmaps/Foundation.json ... 
2020-06-20 16:48:06 +0000  6417 bytes for ./assets/node_modules/react-native-vector-icons/glyphmaps/Foundation.json
copying file ./assets/node_modules/react-native-vector-icons/glyphmaps/Zocial.json ... 
2020-06-20 16:48:06 +0000  2013 bytes for ./assets/node_modules/react-native-vector-icons/glyphmaps/Zocial.json
2020-06-20 16:48:06 +0000  copying file ./assets/node_modules/react-native-calendars/src/calendar/img/previous@2x.png ... 
2020-06-20 16:48:06 +0000  458 bytes for ./assets/node_modules/react-native-calendars/src/calendar/img/previous@2x.png
2020-06-20 16:48:06 +0000  copying file ./assets/node_modules/react-native-calendars/src/calendar/img/next@2x.png ... 
2020-06-20 16:48:06 +0000  462 bytes for ./assets/node_modules/react-native-calendars/src/calendar/img/next@2x.png
2020-06-20 16:48:06 +0000  copying file ./assets/node_modules/react-native-calendars/src/img/down@3x.png ... 
2020-06-20 16:48:06 +0000  508 bytes for ./assets/node_modules/react-native-calendars/src/img/down@3x.png
2020-06-20 16:48:06 +0000  copying file ./assets/node_modules/react-native-calendars/src/img/down@2x.png ... 
2020-06-20 16:48:06 +0000  354 bytes for ./assets/node_modules/react-native-calendars/src/img/down@2x.png
2020-06-20 16:48:06 +0000  copying file ./assets/node_modules/react-native-calendars/src/img/up.png ... 
2020-06-20 16:48:06 +0000  215 bytes for ./assets/node_modules/react-native-calendars/src/img/up.png
2020-06-20 16:48:06 +0000  copying file ./assets/node_modules/react-native-calendars/src/img/down.png ... 
2020-06-20 16:48:06 +0000  208 bytes for ./assets/node_modules/react-native-calendars/src/img/down.png
2020-06-20 16:48:06 +0000  copying file ./assets/node_modules/react-native-calendars/src/img/up@2x.png ... 
2020-06-20 16:48:06 +0000  347 bytes for ./assets/node_modules/react-native-calendars/src/img/up@2x.png
2020-06-20 16:48:06 +0000  copying file ./assets/node_modules/react-native-calendars/src/img/up@3x.png ... 
2020-06-20 16:48:06 +0000  504 bytes for ./assets/node_modules/react-native-calendars/src/img/up@3x.png
2020-06-20 16:48:06 +0000  copying file ./assets/src/global/asset/images/hospital.png ... 
2020-06-20 16:48:06 +0000  87572 bytes for ./assets/src/global/asset/images/hospital.png
2020-06-20 16:48:06 +0000  copying file ./assets/src/global/asset/images/_TaiKhoan.png ... 
2020-06-20 16:48:06 +0000  52165 bytes for ./assets/src/global/asset/images/_TaiKhoan.png
copying file ./assets/src/global/asset/images/_CapNhatKienThuc.png ... 
2020-06-20 16:48:06 +0000  44502 bytes for ./assets/src/global/asset/images/_CapNhatKienThuc.png
2020-06-20 16:48:06 +0000  copying file ./assets/src/global/asset/images/noticeHome1.png ... 
2020-06-20 16:48:06 +0000  452426 bytes for ./assets/src/global/asset/images/noticeHome1.png
2020-06-20 16:48:06 +0000  copying file ./assets/src/global/asset/images/_DatLichKham.png ... 
2020-06-20 16:48:06 +0000  64080 bytes for ./assets/src/global/asset/images/_DatLichKham.png
2020-06-20 16:48:06 +0000  copying file ./assets/src/global/asset/images/noticeHome2.png ... 
2020-06-20 16:48:06 +0000  741989 bytes for ./assets/src/global/asset/images/noticeHome2.png
copying file ./assets/src/global/asset/images/_HuongDanUongThuoc.png ... 
2020-06-20 16:48:06 +0000  44505 bytes for ./assets/src/global/asset/images/_HuongDanUongThuoc.png
2020-06-20 16:48:06 +0000  copying file ./assets/src/global/asset/images/potty.jpg ... 
2020-06-20 16:48:06 +0000  6661 bytes for ./assets/src/global/asset/images/potty.jpg
2020-06-20 16:48:06 +0000  copying file ./assets/src/global/asset/images/account.png ... 
2020-06-20 16:48:06 +0000  25582 bytes for ./assets/src/global/asset/images/account.png
2020-06-20 16:48:06 +0000  copying file ./assets/src/global/asset/images/house.png ... 
2020-06-20 16:48:06 +0000  32952 bytes for ./assets/src/global/asset/images/house.png
copying file ./assets/src/global/asset/images/background.jpg ... 
2020-06-20 16:48:06 +0000  986096 bytes for ./assets/src/global/asset/images/background.jpg
2020-06-20 16:48:06 +0000  copying file ./assets/src/global/asset/images/_HuongDanUongThuoc_Disable.png ... 
47781 bytes for ./assets/src/global/asset/images/_HuongDanUongThuoc_Disable.png
copying file ./assets/src/global/asset/images/_ThongTinDichVu.png ... 
2020-06-20 16:48:06 +0000  46790 bytes for ./assets/src/global/asset/images/_ThongTinDichVu.png
copying file ./assets/src/global/asset/images/_HoTroSauNoiSoi.png ... 
2020-06-20 16:48:06 +0000  67700 bytes for ./assets/src/global/asset/images/_HoTroSauNoiSoi.png
2020-06-20 16:48:06 +0000  copying file ./assets/src/global/asset/images/nurse.png ... 
2020-06-20 16:48:06 +0000  66142 bytes for ./assets/src/global/asset/images/nurse.png
2020-06-20 16:48:06 +0000  copying file ./assets/src/global/asset/images/HoangLongClinic.jpg ... 
2020-06-20 16:48:06 +0000  7215393 bytes for ./assets/src/global/asset/images/HoangLongClinic.jpg
2020-06-20 16:48:06 +0000  copying file ./assets/src/global/asset/images/SOS.png ... 
2020-06-20 16:48:06 +0000  17122 bytes for ./assets/src/global/asset/images/SOS.png
2020-06-20 16:48:06 +0000  copying file ./assets/src/global/asset/logo/zalo.png ... 
2020-06-20 16:48:06 +0000  13154 bytes for ./assets/src/global/asset/logo/zalo.png
2020-06-20 16:48:06 +0000  copying file ./assets/src/global/asset/logo/logo.png ... 
2020-06-20 16:48:06 +0000  48044 bytes for ./assets/src/global/asset/logo/logo.png
2020-06-20 16:48:06 +0000  copying file ./assets/src/global/asset/logo/changePwd.jpg ... 
2020-06-20 16:48:06 +0000  51464 bytes for ./assets/src/global/asset/logo/changePwd.jpg
2020-06-20 16:48:06 +0000  copying file ./assets/src/global/asset/logo/web.png ... 
2020-06-20 16:48:06 +0000  16872 bytes for ./assets/src/global/asset/logo/web.png
copying file ./assets/src/global/asset/logo/youtube.png ... 
2020-06-20 16:48:06 +0000  29028 bytes for ./assets/src/global/asset/logo/youtube.png
2020-06-20 16:48:06 +0000  copying file ./assets/src/global/asset/logo/logoIGH.png ... 
2020-06-20 16:48:06 +0000  102531 bytes for ./assets/src/global/asset/logo/logoIGH.png
2020-06-20 16:48:06 +0000  copying file ./assets/src/global/asset/logo/facebook.png ... 
2020-06-20 16:48:06 +0000  18735 bytes for ./assets/src/global/asset/logo/facebook.png
2020-06-20 16:48:06 +0000  copying file ./assets/src/global/asset/icon/email.png ... 
2020-06-20 16:48:06 +0000  9921 bytes for ./assets/src/global/asset/icon/email.png
2020-06-20 16:48:06 +0000  copying file ./assets/src/global/asset/icon/tick.png ... 
2020-06-20 16:48:06 +0000  9832 bytes for ./assets/src/global/asset/icon/tick.png
copying file ./assets/src/global/asset/icon/errorConnect.png ... 
2020-06-20 16:48:06 +0000  45225 bytes for ./assets/src/global/asset/icon/errorConnect.png
2020-06-20 16:48:06 +0000  copying file ./assets/src/global/asset/icon/bell.gif ... 
2020-06-20 16:48:06 +0000  18855 bytes for ./assets/src/global/asset/icon/bell.gif
2020-06-20 16:48:06 +0000  copying file ./assets/src/global/asset/icon/schedule.png ... 
2020-06-20 16:48:06 +0000  15142 bytes for ./assets/src/global/asset/icon/schedule.png
2020-06-20 16:48:06 +0000  copying file ./assets/src/global/asset/icon/notFound.png ... 
2020-06-20 16:48:06 +0000  16184 bytes for ./assets/src/global/asset/icon/notFound.png
2020-06-20 16:48:06 +0000  copying file ./assets/src/global/asset/icon/stars.png ... 
2020-06-20 16:48:06 +0000  737 bytes for ./assets/src/global/asset/icon/stars.png
2020-06-20 16:48:06 +0000  copying file ./AppIcon20x20@2x~ipad.png ... 
2020-06-20 16:48:06 +0000  3388 bytes for ./AppIcon20x20@2x~ipad.png
2020-06-20 16:48:06 +0000  copying file ./Info.plist ... 
2020-06-20 16:48:06 +0000  1964 bytes for ./Info.plist
copying file ./PkgInfo ... 
2020-06-20 16:48:06 +0000  8 bytes for ./PkgInfo
2020-06-20 16:48:06 +0000  copying file ./MaterialIcons.ttf ... 
2020-06-20 16:48:06 +0000  128180 bytes for ./MaterialIcons.ttf
2020-06-20 16:48:06 +0000  copying file ./AppIcon76x76~ipad.png ... 
2020-06-20 16:48:06 +0000  9309 bytes for ./AppIcon76x76~ipad.png
2020-06-20 16:48:06 +0000  /usr/bin/ditto exited with 0
2020-06-20 16:48:06 +0000  Processing step: IDEDistributionEmbedProfileStep
2020-06-20 16:48:06 +0000  Processing step: IDEDistributionInfoPlistStep
2020-06-20 16:48:06 +0000  Skipping step: IDEDistributionInfoPlistStep because it said so
2020-06-20 16:48:06 +0000  Processing step: IDEDistributionAppThinningPlistStep
2020-06-20 16:48:06 +0000  Skipping step: IDEDistributionAppThinningPlistStep because it said so
2020-06-20 16:48:06 +0000  Processing step: IDEDistributionCompileBitcodeStep
2020-06-20 16:48:06 +0000  Skipping step: IDEDistributionCompileBitcodeStep because it said so
2020-06-20 16:48:06 +0000  Processing step: IDEDistributionCodeSlimmingStep
2020-06-20 16:48:06 +0000  Processing step: IDEDistributionCopyBCSymbolMapsStep
2020-06-20 16:48:06 +0000  Skipping step: IDEDistributionCopyBCSymbolMapsStep because it said so
2020-06-20 16:48:06 +0000  Processing step: IDEDistributionSymbolsStep
2020-06-20 16:48:06 +0000  Skipping step: IDEDistributionSymbolsStep because it said so
2020-06-20 16:48:06 +0000  Processing step: IDEDistributionAppThinningStep
2020-06-20 16:48:06 +0000  Skipping step: IDEDistributionAppThinningStep because it said so
2020-06-20 16:48:06 +0000  Processing step: IDEDistributionArchThinningStep
2020-06-20 16:48:06 +0000  Running /Applications/Xcode.app/Contents/Developer/Toolchains/XcodeDefault.xctoolchain/usr/bin/lipo '/var/folders/l9/snfzzlh13fs1hrxjc5lqx3m40000gn/T/XcodeDistPipeline.~~~t8sjQX/Root/Payload/Làm sạch đại tràng.app/Làm sạch đại tràng' '-verify_arch' 'arm64e'
2020-06-20 16:48:06 +0000  /Applications/Xcode.app/Contents/Developer/Toolchains/XcodeDefault.xctoolchain/usr/bin/lipo exited with 1
2020-06-20 16:48:06 +0000  Skipping architecture thinning for item "Làm sạch đại tràng" because arch "arm64e" wasn't found
2020-06-20 16:48:06 +0000  Processing step: IDEDistributionODRStep
2020-06-20 16:48:06 +0000  Processing step: IDEDistributionStripXattrsStep
2020-06-20 16:48:06 +0000  Running /usr/bin/xattr '-crs' '/var/folders/l9/snfzzlh13fs1hrxjc5lqx3m40000gn/T/XcodeDistPipeline.~~~t8sjQX/Root/Payload/Làm sạch đại tràng.app'
2020-06-20 16:48:07 +0000  /usr/bin/xattr exited with 0
2020-06-20 16:48:07 +0000  Processing step: IDEDistributionCodesignStep
2020-06-20 16:48:07 +0000  Entitlements for <IDEDistributionItem: 0x7fa1a9409910; bundleID='org.reactjs.native.igh.appnoisoi.AppNoiSoi', path='<DVTFilePath:0x7fa1a8d0d320:'/Users/duongbkak55/Library/Developer/Xcode/Archives/2020-06-20/AppNoiSoi 6-20-20, 23.47.xcarchive/Products/Applications/Làm sạch đại tràng.app'>', codeSigningInfo='<_DVTCodeSigningInformation_Path: 0x7fa1a950e200; isSigned='1', isAdHocSigned='0', signingCertificate='<DVTSigningCertificate: 0x7fa1a88a6f80; name='Apple Development: Tiem Nguyen Khanh (YAT6G4PDTN)', hash='7D07400346DC24079024792C6B469BA76F10AD65', serialNumber='540110FDEA7DA761', certificateKinds='(
    "1.2.840.113635.100.6.1.12",
    "1.2.840.113635.100.6.1.2"
), issueDate='2020-05-26 13:36:08 +0000''>', entitlements='{
    "application-identifier" = "HA389773C9.org.reactjs.native.igh.appnoisoi.AppNoiSoi";
    "com.apple.developer.team-identifier" = HA389773C9;
    "get-task-allow" = 1;
    "keychain-access-groups" =     (
        "HA389773C9.org.reactjs.native.igh.appnoisoi.AppNoiSoi"
    );
}', teamID='HA389773C9', identifier='org.reactjs.native.igh.appnoisoi.AppNoiSoi', executablePath='<DVTFilePath:0x7fa1bb347ed0:'/Users/duongbkak55/Library/Developer/Xcode/Archives/2020-06-20/AppNoiSoi 6-20-20, 23.47.xcarchive/Products/Applications/Làm sạch đại tràng.app/Làm sạch đại tràng'>', hardenedRuntime='0'>'>: {
    "application-identifier" = "HA389773C9.org.reactjs.native.igh.appnoisoi.AppNoiSoi";
    "com.apple.developer.team-identifier" = HA389773C9;
    "get-task-allow" = 1;
    "keychain-access-groups" =     (
        "HA389773C9.org.reactjs.native.igh.appnoisoi.AppNoiSoi"
    );
}
2020-06-20 16:48:07 +0000  Writing entitlements for <IDEDistributionItem: 0x7fa1a9409910; bundleID='org.reactjs.native.igh.appnoisoi.AppNoiSoi', path='<DVTFilePath:0x7fa1a8d0d320:'/Users/duongbkak55/Library/Developer/Xcode/Archives/2020-06-20/AppNoiSoi 6-20-20, 23.47.xcarchive/Products/Applications/Làm sạch đại tràng.app'>', codeSigningInfo='<_DVTCodeSigningInformation_Path: 0x7fa1a950e200; isSigned='1', isAdHocSigned='0', signingCertificate='<DVTSigningCertificate: 0x7fa1bc15a7e0; name='Apple Development: Tiem Nguyen Khanh (YAT6G4PDTN)', hash='7D07400346DC24079024792C6B469BA76F10AD65', serialNumber='540110FDEA7DA761', certificateKinds='(
    "1.2.840.113635.100.6.1.12",
    "1.2.840.113635.100.6.1.2"
), issueDate='2020-05-26 13:36:08 +0000''>', entitlements='{
    "application-identifier" = "HA389773C9.org.reactjs.native.igh.appnoisoi.AppNoiSoi";
    "com.apple.developer.team-identifier" = HA389773C9;
    "get-task-allow" = 1;
    "keychain-access-groups" =     (
        "HA389773C9.org.reactjs.native.igh.appnoisoi.AppNoiSoi"
    );
}', teamID='HA389773C9', identifier='org.reactjs.native.igh.appnoisoi.AppNoiSoi', executablePath='<DVTFilePath:0x7fa1bb347ed0:'/Users/duongbkak55/Library/Developer/Xcode/Archives/2020-06-20/AppNoiSoi 6-20-20, 23.47.xcarchive/Products/Applications/Làm sạch đại tràng.app/Làm sạch đại tràng'>', hardenedRuntime='0'>'> to: /var/folders/l9/snfzzlh13fs1hrxjc5lqx3m40000gn/T/XcodeDistPipeline.~~~t8sjQX/entitlements~~~kv5vYd
2020-06-20 16:48:07 +0000  Running /usr/bin/codesign '-vvv' '--force' '--sign' '7D07400346DC24079024792C6B469BA76F10AD65' '--entitlements' '/var/folders/l9/snfzzlh13fs1hrxjc5lqx3m40000gn/T/XcodeDistPipeline.~~~t8sjQX/entitlements~~~kv5vYd' '--preserve-metadata=identifier,flags,runtime' '/var/folders/l9/snfzzlh13fs1hrxjc5lqx3m40000gn/T/XcodeDistPipeline.~~~t8sjQX/Root/Payload/Làm sạch đại tràng.app'
2020-06-20 16:48:07 +0000  /var/folders/l9/snfzzlh13fs1hrxjc5lqx3m40000gn/T/XcodeDistPipeline.~~~t8sjQX/Root/Payload/Làm sạch đại tràng.app: replacing existing signature
2020-06-20 16:48:08 +0000  /var/folders/l9/snfzzlh13fs1hrxjc5lqx3m40000gn/T/XcodeDistPipeline.~~~t8sjQX/Root/Payload/Làm sạch đại tràng.app: signed app bundle with Mach-O universal (armv7 arm64) [org.reactjs.native.igh.appnoisoi.AppNoiSoi]
2020-06-20 16:48:08 +0000  /usr/bin/codesign exited with 0
2020-06-20 16:48:08 +0000  Processing step: IDEDistributionZipODRItemStep
2020-06-20 16:48:08 +0000  Skipping step: IDEDistributionZipODRItemStep because it said so
2020-06-20 16:48:08 +0000  Processing step: IDEDistributionCreateIPAStep
2020-06-20 16:48:08 +0000  Running /usr/bin/ditto '-V' '-c' '-k' '--norsrc' '/var/folders/l9/snfzzlh13fs1hrxjc5lqx3m40000gn/T/XcodeDistPipeline.~~~t8sjQX/Root' '/var/folders/l9/snfzzlh13fs1hrxjc5lqx3m40000gn/T/XcodeDistPipeline.~~~t8sjQX/Packages/AppNoiSoi.ipa'
2020-06-20 16:48:08 +0000  >>> Copying /var/folders/l9/snfzzlh13fs1hrxjc5lqx3m40000gn/T/XcodeDistPipeline.~~~t8sjQX/Root 
2020-06-20 16:48:08 +0000  copying file ./Payload/Làm sạch đại tràng.app/_CodeSignature/CodeResources ... 
2020-06-20 16:48:08 +0000  39591 bytes for ./Payload/Làm sạch đại tràng.app/_CodeSignature/CodeResources
2020-06-20 16:48:08 +0000  copying file ./Payload/Làm sạch đại tràng.app/Fontisto.ttf ... 
2020-06-20 16:48:08 +0000  313528 bytes for ./Payload/Làm sạch đại tràng.app/Fontisto.ttf
2020-06-20 16:48:08 +0000  copying file ./Payload/Làm sạch đại tràng.app/Octicons.ttf ... 
2020-06-20 16:48:08 +0000  28364 bytes for ./Payload/Làm sạch đại tràng.app/Octicons.ttf
2020-06-20 16:48:08 +0000  copying file ./Payload/Làm sạch đại tràng.app/Feather.ttf ... 
2020-06-20 16:48:08 +0000  58272 bytes for ./Payload/Làm sạch đại tràng.app/Feather.ttf
2020-06-20 16:48:08 +0000  copying file ./Payload/Làm sạch đại tràng.app/Roboto_medium.ttf ... 
2020-06-20 16:48:08 +0000  137308 bytes for ./Payload/Làm sạch đại tràng.app/Roboto_medium.ttf
2020-06-20 16:48:08 +0000  copying file ./Payload/Làm sạch đại tràng.app/AppIcon20x20@2x.png ... 
3388 bytes for ./Payload/Làm sạch đại tràng.app/AppIcon20x20@2x.png
copying file ./Payload/Làm sạch đại tràng.app/Entypo.ttf ... 
2020-06-20 16:48:08 +0000  65584 bytes for ./Payload/Làm sạch đại tràng.app/Entypo.ttf
copying file ./Payload/Làm sạch đại tràng.app/AppIcon20x20@3x.png ... 
2020-06-20 16:48:08 +0000  6363 bytes for ./Payload/Làm sạch đại tràng.app/AppIcon20x20@3x.png
copying file ./Payload/Làm sạch đại tràng.app/FontAwesome5_Brands.ttf ... 
2020-06-20 16:48:08 +0000  125016 bytes for ./Payload/Làm sạch đại tràng.app/FontAwesome5_Brands.ttf
2020-06-20 16:48:08 +0000  copying file ./Payload/Làm sạch đại tràng.app/AppIcon29x29.png ... 
1948 bytes for ./Payload/Làm sạch đại tràng.app/AppIcon29x29.png
copying file ./Payload/Làm sạch đại tràng.app/MaterialCommunityIcons.ttf ... 
2020-06-20 16:48:08 +0000  546548 bytes for ./Payload/Làm sạch đại tràng.app/MaterialCommunityIcons.ttf
copying file ./Payload/Làm sạch đại tràng.app/AppIcon60x60@2x.png ... 
2020-06-20 16:48:08 +0000  16143 bytes for ./Payload/Làm sạch đại tràng.app/AppIcon60x60@2x.png
copying file ./Payload/Làm sạch đại tràng.app/AppIcon29x29@2x.png ... 
2020-06-20 16:48:08 +0000  6019 bytes for ./Payload/Làm sạch đại tràng.app/AppIcon29x29@2x.png
copying file ./Payload/Làm sạch đại tràng.app/AntDesign.ttf ... 
2020-06-20 16:48:08 +0000  70344 bytes for ./Payload/Làm sạch đại tràng.app/AntDesign.ttf
2020-06-20 16:48:08 +0000  copying file ./Payload/Làm sạch đại tràng.app/Làm sạch đại tràng ... 
2020-06-20 16:48:09 +0000  8776240 bytes for ./Payload/Làm sạch đại tràng.app/Làm sạch đại tràng
copying file ./Payload/Làm sạch đại tràng.app/AppIcon40x40@3x.png ... 
2020-06-20 16:48:09 +0000  16143 bytes for ./Payload/Làm sạch đại tràng.app/AppIcon40x40@3x.png
2020-06-20 16:48:09 +0000  copying file ./Payload/Làm sạch đại tràng.app/Foundation.ttf ... 
2020-06-20 16:48:09 +0000  56976 bytes for ./Payload/Làm sạch đại tràng.app/Foundation.ttf
copying file ./Payload/Làm sạch đại tràng.app/AppIcon29x29~ipad.png ... 
2020-06-20 16:48:09 +0000  1948 bytes for ./Payload/Làm sạch đại tràng.app/AppIcon29x29~ipad.png
copying file ./Payload/Làm sạch đại tràng.app/Ionicons.ttf ... 
2020-06-20 16:48:09 +0000  112472 bytes for ./Payload/Làm sạch đại tràng.app/Ionicons.ttf
2020-06-20 16:48:09 +0000  copying file ./Payload/Làm sạch đại tràng.app/FontAwesome5_Solid.ttf ... 
2020-06-20 16:48:09 +0000  186228 bytes for ./Payload/Làm sạch đại tràng.app/FontAwesome5_Solid.ttf
copying file ./Payload/Làm sạch đại tràng.app/AppIcon40x40@2x.png ... 
2020-06-20 16:48:09 +0000  9964 bytes for ./Payload/Làm sạch đại tràng.app/AppIcon40x40@2x.png
copying file ./Payload/Làm sạch đại tràng.app/FontAwesome5_Regular.ttf ... 
2020-06-20 16:48:09 +0000  34092 bytes for ./Payload/Làm sạch đại tràng.app/FontAwesome5_Regular.ttf
2020-06-20 16:48:09 +0000  copying file ./Payload/Làm sạch đại tràng.app/AppIcon29x29@3x.png ... 
2020-06-20 16:48:09 +0000  11070 bytes for ./Payload/Làm sạch đại tràng.app/AppIcon29x29@3x.png
copying file ./Payload/Làm sạch đại tràng.app/AppIcon60x60@3x.png ... 
2020-06-20 16:48:09 +0000  25455 bytes for ./Payload/Làm sạch đại tràng.app/AppIcon60x60@3x.png
copying file ./Payload/Làm sạch đại tràng.app/rubicon-icon-font.ttf ... 
2020-06-20 16:48:09 +0000  10208 bytes for ./Payload/Làm sạch đại tràng.app/rubicon-icon-font.ttf
2020-06-20 16:48:09 +0000  copying file ./Payload/Làm sạch đại tràng.app/Base.lproj/LaunchScreen.nib ... 
1673 bytes for ./Payload/Làm sạch đại tràng.app/Base.lproj/LaunchScreen.nib
2020-06-20 16:48:09 +0000  copying file ./Payload/Làm sạch đại tràng.app/FontAwesome.ttf ... 
2020-06-20 16:48:09 +0000  165548 bytes for ./Payload/Làm sạch đại tràng.app/FontAwesome.ttf
copying file ./Payload/Làm sạch đại tràng.app/Zocial.ttf ... 
2020-06-20 16:48:09 +0000  25552 bytes for ./Payload/Làm sạch đại tràng.app/Zocial.ttf
2020-06-20 16:48:09 +0000  copying file ./Payload/Làm sạch đại tràng.app/Roboto.ttf ... 
2020-06-20 16:48:09 +0000  145348 bytes for ./Payload/Làm sạch đại tràng.app/Roboto.ttf
copying file ./Payload/Làm sạch đại tràng.app/Assets.car ... 
2020-06-20 16:48:09 +0000  817199 bytes for ./Payload/Làm sạch đại tràng.app/Assets.car
copying file ./Payload/Làm sạch đại tràng.app/AppIcon40x40@2x~ipad.png ... 
2020-06-20 16:48:09 +0000  9964 bytes for ./Payload/Làm sạch đại tràng.app/AppIcon40x40@2x~ipad.png
copying file ./Payload/Làm sạch đại tràng.app/EvilIcons.ttf ... 
2020-06-20 16:48:09 +0000  13456 bytes for ./Payload/Làm sạch đại tràng.app/EvilIcons.ttf
copying file ./Payload/Làm sạch đại tràng.app/AppIcon76x76@2x~ipad.png ... 
2020-06-20 16:48:09 +0000  21216 bytes for ./Payload/Làm sạch đại tràng.app/AppIcon76x76@2x~ipad.png
copying file ./Payload/Làm sạch đại tràng.app/main.jsbundle ... 
2020-06-20 16:48:09 +0000  3070040 bytes for ./Payload/Làm sạch đại tràng.app/main.jsbundle
2020-06-20 16:48:09 +0000  copying file ./Payload/Làm sạch đại tràng.app/AppIcon83.5x83.5@2x~ipad.png ... 
2020-06-20 16:48:09 +0000  23331 bytes for ./Payload/Làm sạch đại tràng.app/AppIcon83.5x83.5@2x~ipad.png
2020-06-20 16:48:09 +0000  copying file ./Payload/Làm sạch đại tràng.app/AppIcon29x29@2x~ipad.png ... 
2020-06-20 16:48:09 +0000  6019 bytes for ./Payload/Làm sạch đại tràng.app/AppIcon29x29@2x~ipad.png
copying file ./Payload/Làm sạch đại tràng.app/AppIcon40x40~ipad.png ... 
2020-06-20 16:48:09 +0000  3388 bytes for ./Payload/Làm sạch đại tràng.app/AppIcon40x40~ipad.png
copying file ./Payload/Làm sạch đại tràng.app/AppIcon20x20~ipad.png ... 
2020-06-20 16:48:09 +0000  1079 bytes for ./Payload/Làm sạch đại tràng.app/AppIcon20x20~ipad.png
copying file ./Payload/Làm sạch đại tràng.app/SimpleLineIcons.ttf ... 
2020-06-20 16:48:09 +0000  54056 bytes for ./Payload/Làm sạch đại tràng.app/SimpleLineIcons.ttf
2020-06-20 16:48:09 +0000  copying file ./Payload/Làm sạch đại tràng.app/embedded.mobileprovision ... 
2020-06-20 16:48:09 +0000  11491 bytes for ./Payload/Làm sạch đại tràng.app/embedded.mobileprovision
copying file ./Payload/Làm sạch đại tràng.app/assets/app.json ... 
2020-06-20 16:48:09 +0000  55 bytes for ./Payload/Làm sạch đại tràng.app/assets/app.json
2020-06-20 16:48:09 +0000  copying file ./Payload/Làm sạch đại tràng.app/assets/node_modules/react-native-ratings/src/images/bell.png ... 
2020-06-20 16:48:09 +0000  2989 bytes for ./Payload/Làm sạch đại tràng.app/assets/node_modules/react-native-ratings/src/images/bell.png
copying file ./Payload/Làm sạch đại tràng.app/assets/node_modules/react-native-ratings/src/images/airbnb-star-selected.png ... 
2020-06-20 16:48:09 +0000  934 bytes for ./Payload/Làm sạch đại tràng.app/assets/node_modules/react-native-ratings/src/images/airbnb-star-selected.png
copying file ./Payload/Làm sạch đại tràng.app/assets/node_modules/react-native-ratings/src/images/heart.png ... 
2020-06-20 16:48:09 +0000  1928 bytes for ./Payload/Làm sạch đại tràng.app/assets/node_modules/react-native-ratings/src/images/heart.png
copying file ./Payload/Làm sạch đại tràng.app/assets/node_modules/react-native-ratings/src/images/airbnb-star.png ... 
2020-06-20 16:48:09 +0000  930 bytes for ./Payload/Làm sạch đại tràng.app/assets/node_modules/react-native-ratings/src/images/airbnb-star.png
copying file ./Payload/Làm sạch đại tràng.app/assets/node_modules/react-native-ratings/src/images/rocket.png ... 
2020-06-20 16:48:09 +0000  4050 bytes for ./Payload/Làm sạch đại tràng.app/assets/node_modules/react-native-ratings/src/images/rocket.png
copying file ./Payload/Làm sạch đại tràng.app/assets/node_modules/react-native-ratings/src/images/star.png ... 
2020-06-20 16:48:09 +0000  1961 bytes for ./Payload/Làm sạch đại tràng.app/assets/node_modules/react-native-ratings/src/images/star.png
2020-06-20 16:48:09 +0000  copying file ./Payload/Làm sạch đại tràng.app/assets/node_modules/native-base/dist/src/basic/Icon/NBIcons.json ... 
2020-06-20 16:48:09 +0000  59995 bytes for ./Payload/Làm sạch đại tràng.app/assets/node_modules/native-base/dist/src/basic/Icon/NBIcons.json
2020-06-20 16:48:09 +0000  copying file ./Payload/Làm sạch đại tràng.app/assets/node_modules/moment-timezone/data/packed/latest.json ... 
2020-06-20 16:48:09 +0000  191041 bytes for ./Payload/Làm sạch đại tràng.app/assets/node_modules/moment-timezone/data/packed/latest.json
2020-06-20 16:48:09 +0000  copying file ./Payload/Làm sạch đại tràng.app/assets/node_modules/react-native-router-flux/images/menu_burger.png ... 
2020-06-20 16:48:09 +0000  706 bytes for ./Payload/Làm sạch đại tràng.app/assets/node_modules/react-native-router-flux/images/menu_burger.png
copying file ./Payload/Làm sạch đại tràng.app/assets/node_modules/react-native-router-flux/images/back_chevron.png ... 
2020-06-20 16:48:09 +0000  575 bytes for ./Payload/Làm sạch đại tràng.app/assets/node_modules/react-native-router-flux/images/back_chevron.png
2020-06-20 16:48:09 +0000  copying file ./Payload/Làm sạch đại tràng.app/assets/node_modules/react-navigation-stack/lib/module/views/assets/back-icon@3x.png ... 
2020-06-20 16:48:09 +0000  761 bytes for ./Payload/Làm sạch đại tràng.app/assets/node_modules/react-navigation-stack/lib/module/views/assets/back-icon@3x.png
copying file ./Payload/Làm sạch đại tràng.app/assets/node_modules/react-navigation-stack/lib/module/views/assets/back-icon@2x.png ... 
2020-06-20 16:48:09 +0000  405 bytes for ./Payload/Làm sạch đại tràng.app/assets/node_modules/react-navigation-stack/lib/module/views/assets/back-icon@2x.png
copying file ./Payload/Làm sạch đại tràng.app/assets/node_modules/react-navigation-stack/lib/module/views/assets/back-icon.png ... 
2020-06-20 16:48:09 +0000  290 bytes for ./Payload/Làm sạch đại tràng.app/assets/node_modules/react-navigation-stack/lib/module/views/assets/back-icon.png
copying file ./Payload/Làm sạch đại tràng.app/assets/node_modules/react-navigation-stack/lib/module/views/assets/back-icon-mask.png ... 
2020-06-20 16:48:09 +0000  1619 bytes for ./Payload/Làm sạch đại tràng.app/assets/node_modules/react-navigation-stack/lib/module/views/assets/back-icon-mask.png
2020-06-20 16:48:09 +0000  copying file ./Payload/Làm sạch đại tràng.app/assets/node_modules/react-native-vector-icons/glyphmaps/Ionicons.json ... 
2020-06-20 16:48:09 +0000  17166 bytes for ./Payload/Làm sạch đại tràng.app/assets/node_modules/react-native-vector-icons/glyphmaps/Ionicons.json
2020-06-20 16:48:09 +0000  copying file ./Payload/Làm sạch đại tràng.app/assets/node_modules/react-native-vector-icons/glyphmaps/Fontisto.json ... 
2020-06-20 16:48:09 +0000  13107 bytes for ./Payload/Làm sạch đại tràng.app/assets/node_modules/react-native-vector-icons/glyphmaps/Fontisto.json
2020-06-20 16:48:09 +0000  copying file ./Payload/Làm sạch đại tràng.app/assets/node_modules/react-native-vector-icons/glyphmaps/EvilIcons.json ... 
1454 bytes for ./Payload/Làm sạch đại tràng.app/assets/node_modules/react-native-vector-icons/glyphmaps/EvilIcons.json
copying file ./Payload/Làm sạch đại tràng.app/assets/node_modules/react-native-vector-icons/glyphmaps/Octicons.json ... 
2020-06-20 16:48:09 +0000  3992 bytes for ./Payload/Làm sạch đại tràng.app/assets/node_modules/react-native-vector-icons/glyphmaps/Octicons.json
2020-06-20 16:48:09 +0000  copying file ./Payload/Làm sạch đại tràng.app/assets/node_modules/react-native-vector-icons/glyphmaps/FontAwesome5Free_meta.json ... 
2020-06-20 16:48:09 +0000  26240 bytes for ./Payload/Làm sạch đại tràng.app/assets/node_modules/react-native-vector-icons/glyphmaps/FontAwesome5Free_meta.json
2020-06-20 16:48:09 +0000  copying file ./Payload/Làm sạch đại tràng.app/assets/node_modules/react-native-vector-icons/glyphmaps/FontAwesome.json ... 
2020-06-20 16:48:09 +0000  17437 bytes for ./Payload/Làm sạch đại tràng.app/assets/node_modules/react-native-vector-icons/glyphmaps/FontAwesome.json
2020-06-20 16:48:09 +0000  copying file ./Payload/Làm sạch đại tràng.app/assets/node_modules/react-native-vector-icons/glyphmaps/MaterialIcons.json ... 
2020-06-20 16:48:09 +0000  22815 bytes for ./Payload/Làm sạch đại tràng.app/assets/node_modules/react-native-vector-icons/glyphmaps/MaterialIcons.json
2020-06-20 16:48:09 +0000  copying file ./Payload/Làm sạch đại tràng.app/assets/node_modules/react-native-vector-icons/glyphmaps/Entypo.json ... 
2020-06-20 16:48:09 +0000  9486 bytes for ./Payload/Làm sạch đại tràng.app/assets/node_modules/react-native-vector-icons/glyphmaps/Entypo.json
2020-06-20 16:48:09 +0000  copying file ./Payload/Làm sạch đại tràng.app/assets/node_modules/react-native-vector-icons/glyphmaps/SimpleLineIcons.json ... 
2020-06-20 16:48:09 +0000  4102 bytes for ./Payload/Làm sạch đại tràng.app/assets/node_modules/react-native-vector-icons/glyphmaps/SimpleLineIcons.json
copying file ./Payload/Làm sạch đại tràng.app/assets/node_modules/react-native-vector-icons/glyphmaps/AntDesign.json ... 
2020-06-20 16:48:09 +0000  6303 bytes for ./Payload/Làm sạch đại tràng.app/assets/node_modules/react-native-vector-icons/glyphmaps/AntDesign.json
2020-06-20 16:48:09 +0000  copying file ./Payload/Làm sạch đại tràng.app/assets/node_modules/react-native-vector-icons/glyphmaps/FontAwesome5Free.json ... 
2020-06-20 16:48:09 +0000  30175 bytes for ./Payload/Làm sạch đại tràng.app/assets/node_modules/react-native-vector-icons/glyphmaps/FontAwesome5Free.json
2020-06-20 16:48:09 +0000  copying file ./Payload/Làm sạch đại tràng.app/assets/node_modules/react-native-vector-icons/glyphmaps/Feather.json ... 
2020-06-20 16:48:09 +0000  5933 bytes for ./Payload/Làm sạch đại tràng.app/assets/node_modules/react-native-vector-icons/glyphmaps/Feather.json
copying file ./Payload/Làm sạch đại tràng.app/assets/node_modules/react-native-vector-icons/glyphmaps/MaterialCommunityIcons.json ... 
2020-06-20 16:48:09 +0000  97065 bytes for ./Payload/Làm sạch đại tràng.app/assets/node_modules/react-native-vector-icons/glyphmaps/MaterialCommunityIcons.json
2020-06-20 16:48:09 +0000  copying file ./Payload/Làm sạch đại tràng.app/assets/node_modules/react-native-vector-icons/glyphmaps/Foundation.json ... 
2020-06-20 16:48:09 +0000  6417 bytes for ./Payload/Làm sạch đại tràng.app/assets/node_modules/react-native-vector-icons/glyphmaps/Foundation.json
copying file ./Payload/Làm sạch đại tràng.app/assets/node_modules/react-native-vector-icons/glyphmaps/Zocial.json ... 
2020-06-20 16:48:09 +0000  2013 bytes for ./Payload/Làm sạch đại tràng.app/assets/node_modules/react-native-vector-icons/glyphmaps/Zocial.json
2020-06-20 16:48:09 +0000  copying file ./Payload/Làm sạch đại tràng.app/assets/node_modules/react-native-calendars/src/calendar/img/previous@2x.png ... 
2020-06-20 16:48:09 +0000  458 bytes for ./Payload/Làm sạch đại tràng.app/assets/node_modules/react-native-calendars/src/calendar/img/previous@2x.png
copying file ./Payload/Làm sạch đại tràng.app/assets/node_modules/react-native-calendars/src/calendar/img/next@2x.png ... 
2020-06-20 16:48:09 +0000  462 bytes for ./Payload/Làm sạch đại tràng.app/assets/node_modules/react-native-calendars/src/calendar/img/next@2x.png
copying file ./Payload/Làm sạch đại tràng.app/assets/node_modules/react-native-calendars/src/img/down@3x.png ... 
2020-06-20 16:48:09 +0000  508 bytes for ./Payload/Làm sạch đại tràng.app/assets/node_modules/react-native-calendars/src/img/down@3x.png
copying file ./Payload/Làm sạch đại tràng.app/assets/node_modules/react-native-calendars/src/img/down@2x.png ... 
354 bytes for ./Payload/Làm sạch đại tràng.app/assets/node_modules/react-native-calendars/src/img/down@2x.png
2020-06-20 16:48:09 +0000  copying file ./Payload/Làm sạch đại tràng.app/assets/node_modules/react-native-calendars/src/img/up.png ... 
215 bytes for ./Payload/Làm sạch đại tràng.app/assets/node_modules/react-native-calendars/src/img/up.png
copying file ./Payload/Làm sạch đại tràng.app/assets/node_modules/react-native-calendars/src/img/down.png ... 
2020-06-20 16:48:09 +0000  208 bytes for ./Payload/Làm sạch đại tràng.app/assets/node_modules/react-native-calendars/src/img/down.png
copying file ./Payload/Làm sạch đại tràng.app/assets/node_modules/react-native-calendars/src/img/up@2x.png ... 
2020-06-20 16:48:09 +0000  347 bytes for ./Payload/Làm sạch đại tràng.app/assets/node_modules/react-native-calendars/src/img/up@2x.png
copying file ./Payload/Làm sạch đại tràng.app/assets/node_modules/react-native-calendars/src/img/up@3x.png ... 
2020-06-20 16:48:09 +0000  504 bytes for ./Payload/Làm sạch đại tràng.app/assets/node_modules/react-native-calendars/src/img/up@3x.png
2020-06-20 16:48:09 +0000  copying file ./Payload/Làm sạch đại tràng.app/assets/src/global/asset/images/hospital.png ... 
2020-06-20 16:48:09 +0000  87572 bytes for ./Payload/Làm sạch đại tràng.app/assets/src/global/asset/images/hospital.png
2020-06-20 16:48:09 +0000  copying file ./Payload/Làm sạch đại tràng.app/assets/src/global/asset/images/_TaiKhoan.png ... 
2020-06-20 16:48:09 +0000  52165 bytes for ./Payload/Làm sạch đại tràng.app/assets/src/global/asset/images/_TaiKhoan.png
2020-06-20 16:48:09 +0000  copying file ./Payload/Làm sạch đại tràng.app/assets/src/global/asset/images/_CapNhatKienThuc.png ... 
2020-06-20 16:48:09 +0000  44502 bytes for ./Payload/Làm sạch đại tràng.app/assets/src/global/asset/images/_CapNhatKienThuc.png
2020-06-20 16:48:09 +0000  copying file ./Payload/Làm sạch đại tràng.app/assets/src/global/asset/images/noticeHome1.png ... 
2020-06-20 16:48:09 +0000  452426 bytes for ./Payload/Làm sạch đại tràng.app/assets/src/global/asset/images/noticeHome1.png
2020-06-20 16:48:09 +0000  copying file ./Payload/Làm sạch đại tràng.app/assets/src/global/asset/images/_DatLichKham.png ... 
2020-06-20 16:48:09 +0000  64080 bytes for ./Payload/Làm sạch đại tràng.app/assets/src/global/asset/images/_DatLichKham.png
copying file ./Payload/Làm sạch đại tràng.app/assets/src/global/asset/images/noticeHome2.png ... 
2020-06-20 16:48:09 +0000  741989 bytes for ./Payload/Làm sạch đại tràng.app/assets/src/global/asset/images/noticeHome2.png
2020-06-20 16:48:09 +0000  copying file ./Payload/Làm sạch đại tràng.app/assets/src/global/asset/images/_HuongDanUongThuoc.png ... 
2020-06-20 16:48:09 +0000  44505 bytes for ./Payload/Làm sạch đại tràng.app/assets/src/global/asset/images/_HuongDanUongThuoc.png
2020-06-20 16:48:09 +0000  copying file ./Payload/Làm sạch đại tràng.app/assets/src/global/asset/images/potty.jpg ... 
2020-06-20 16:48:09 +0000  6661 bytes for ./Payload/Làm sạch đại tràng.app/assets/src/global/asset/images/potty.jpg
copying file ./Payload/Làm sạch đại tràng.app/assets/src/global/asset/images/account.png ... 
2020-06-20 16:48:09 +0000  25582 bytes for ./Payload/Làm sạch đại tràng.app/assets/src/global/asset/images/account.png
2020-06-20 16:48:09 +0000  copying file ./Payload/Làm sạch đại tràng.app/assets/src/global/asset/images/house.png ... 
2020-06-20 16:48:09 +0000  32952 bytes for ./Payload/Làm sạch đại tràng.app/assets/src/global/asset/images/house.png
2020-06-20 16:48:09 +0000  copying file ./Payload/Làm sạch đại tràng.app/assets/src/global/asset/images/background.jpg ... 
2020-06-20 16:48:09 +0000  986096 bytes for ./Payload/Làm sạch đại tràng.app/assets/src/global/asset/images/background.jpg
2020-06-20 16:48:09 +0000  copying file ./Payload/Làm sạch đại tràng.app/assets/src/global/asset/images/_HuongDanUongThuoc_Disable.png ... 
2020-06-20 16:48:09 +0000  47781 bytes for ./Payload/Làm sạch đại tràng.app/assets/src/global/asset/images/_HuongDanUongThuoc_Disable.png
2020-06-20 16:48:09 +0000  copying file ./Payload/Làm sạch đại tràng.app/assets/src/global/asset/images/_ThongTinDichVu.png ... 
2020-06-20 16:48:09 +0000  46790 bytes for ./Payload/Làm sạch đại tràng.app/assets/src/global/asset/images/_ThongTinDichVu.png
2020-06-20 16:48:09 +0000  copying file ./Payload/Làm sạch đại tràng.app/assets/src/global/asset/images/_HoTroSauNoiSoi.png ... 
2020-06-20 16:48:09 +0000  67700 bytes for ./Payload/Làm sạch đại tràng.app/assets/src/global/asset/images/_HoTroSauNoiSoi.png
2020-06-20 16:48:09 +0000  copying file ./Payload/Làm sạch đại tràng.app/assets/src/global/asset/images/nurse.png ... 
2020-06-20 16:48:09 +0000  66142 bytes for ./Payload/Làm sạch đại tràng.app/assets/src/global/asset/images/nurse.png
2020-06-20 16:48:09 +0000  copying file ./Payload/Làm sạch đại tràng.app/assets/src/global/asset/images/HoangLongClinic.jpg ... 
2020-06-20 16:48:09 +0000  7215393 bytes for ./Payload/Làm sạch đại tràng.app/assets/src/global/asset/images/HoangLongClinic.jpg
copying file ./Payload/Làm sạch đại tràng.app/assets/src/global/asset/images/SOS.png ... 
2020-06-20 16:48:09 +0000  17122 bytes for ./Payload/Làm sạch đại tràng.app/assets/src/global/asset/images/SOS.png
2020-06-20 16:48:09 +0000  copying file ./Payload/Làm sạch đại tràng.app/assets/src/global/asset/logo/zalo.png ... 
2020-06-20 16:48:09 +0000  13154 bytes for ./Payload/Làm sạch đại tràng.app/assets/src/global/asset/logo/zalo.png
copying file ./Payload/Làm sạch đại tràng.app/assets/src/global/asset/logo/logo.png ... 
2020-06-20 16:48:09 +0000  48044 bytes for ./Payload/Làm sạch đại tràng.app/assets/src/global/asset/logo/logo.png
copying file ./Payload/Làm sạch đại tràng.app/assets/src/global/asset/logo/changePwd.jpg ... 
2020-06-20 16:48:09 +0000  51464 bytes for ./Payload/Làm sạch đại tràng.app/assets/src/global/asset/logo/changePwd.jpg
copying file ./Payload/Làm sạch đại tràng.app/assets/src/global/asset/logo/web.png ... 
2020-06-20 16:48:09 +0000  16872 bytes for ./Payload/Làm sạch đại tràng.app/assets/src/global/asset/logo/web.png
copying file ./Payload/Làm sạch đại tràng.app/assets/src/global/asset/logo/youtube.png ... 
2020-06-20 16:48:09 +0000  29028 bytes for ./Payload/Làm sạch đại tràng.app/assets/src/global/asset/logo/youtube.png
2020-06-20 16:48:09 +0000  copying file ./Payload/Làm sạch đại tràng.app/assets/src/global/asset/logo/logoIGH.png ... 
2020-06-20 16:48:09 +0000  102531 bytes for ./Payload/Làm sạch đại tràng.app/assets/src/global/asset/logo/logoIGH.png
copying file ./Payload/Làm sạch đại tràng.app/assets/src/global/asset/logo/facebook.png ... 
2020-06-20 16:48:09 +0000  18735 bytes for ./Payload/Làm sạch đại tràng.app/assets/src/global/asset/logo/facebook.png
2020-06-20 16:48:09 +0000  copying file ./Payload/Làm sạch đại tràng.app/assets/src/global/asset/icon/email.png ... 
2020-06-20 16:48:09 +0000  9921 bytes for ./Payload/Làm sạch đại tràng.app/assets/src/global/asset/icon/email.png
copying file ./Payload/Làm sạch đại tràng.app/assets/src/global/asset/icon/tick.png ... 
2020-06-20 16:48:09 +0000  9832 bytes for ./Payload/Làm sạch đại tràng.app/assets/src/global/asset/icon/tick.png
2020-06-20 16:48:09 +0000  copying file ./Payload/Làm sạch đại tràng.app/assets/src/global/asset/icon/errorConnect.png ... 
2020-06-20 16:48:09 +0000  45225 bytes for ./Payload/Làm sạch đại tràng.app/assets/src/global/asset/icon/errorConnect.png
2020-06-20 16:48:09 +0000  copying file ./Payload/Làm sạch đại tràng.app/assets/src/global/asset/icon/bell.gif ... 
2020-06-20 16:48:09 +0000  18855 bytes for ./Payload/Làm sạch đại tràng.app/assets/src/global/asset/icon/bell.gif
2020-06-20 16:48:09 +0000  copying file ./Payload/Làm sạch đại tràng.app/assets/src/global/asset/icon/schedule.png ... 
2020-06-20 16:48:09 +0000  15142 bytes for ./Payload/Làm sạch đại tràng.app/assets/src/global/asset/icon/schedule.png
copying file ./Payload/Làm sạch đại tràng.app/assets/src/global/asset/icon/notFound.png ... 
2020-06-20 16:48:09 +0000  16184 bytes for ./Payload/Làm sạch đại tràng.app/assets/src/global/asset/icon/notFound.png
copying file ./Payload/Làm sạch đại tràng.app/assets/src/global/asset/icon/stars.png ... 
2020-06-20 16:48:09 +0000  737 bytes for ./Payload/Làm sạch đại tràng.app/assets/src/global/asset/icon/stars.png
2020-06-20 16:48:09 +0000  copying file ./Payload/Làm sạch đại tràng.app/AppIcon20x20@2x~ipad.png ... 
2020-06-20 16:48:09 +0000  3388 bytes for ./Payload/Làm sạch đại tràng.app/AppIcon20x20@2x~ipad.png
copying file ./Payload/Làm sạch đại tràng.app/Info.plist ... 
1964 bytes for ./Payload/Làm sạch đại tràng.app/Info.plist
2020-06-20 16:48:09 +0000  copying file ./Payload/Làm sạch đại tràng.app/PkgInfo ... 
8 bytes for ./Payload/Làm sạch đại tràng.app/PkgInfo
copying file ./Payload/Làm sạch đại tràng.app/MaterialIcons.ttf ... 
2020-06-20 16:48:09 +0000  128180 bytes for ./Payload/Làm sạch đại tràng.app/MaterialIcons.ttf
2020-06-20 16:48:09 +0000  copying file ./Payload/Làm sạch đại tràng.app/AppIcon76x76~ipad.png ... 
9309 bytes for ./Payload/Làm sạch đại tràng.app/AppIcon76x76~ipad.png
2020-06-20 16:48:09 +0000  /usr/bin/ditto exited with 0
2020-06-20 16:48:09 +0000  Processing step: IDEDistributionAppStoreInformationStep
2020-06-20 16:48:09 +0000  Skipping step: IDEDistributionAppStoreInformationStep because it said so
2020-06-20 16:48:09 +0000  Processing step: IDEDistributionGenerateProcessedDistributionItems
2020-06-20 16:48:10 +0000  Processing step: IDEDistributionCreateManifestStep
