2020-05-18 15:43:58 +0000  Initial pipeline context: <IDEDistributionProcessingPipelineContext: 0x7fc68d502b40; archive(resolved)='<IDEArchive: 0x7fc689cef520>', distributionTask(resolved)='2', distributionDestination(resolved)='1', distributionMethod(resolved)='<IDEDistributionMethodAdHoc: 0x7fc68c3a9140>', team(resolved)='<IDEProvisioningDisambiguatableBasicTeam: 0x7fc6886ac090; teamID='HA389773C9', teamName='Tiem Nguyen Khanh', teamType='Individual', username='tiemnk@gmail.com', isFreeProvisioningTeam='0'>'>
	Chain (12, self inclusive):
	<IDEDistributionProcessingPipelineContext: 0x7fc68d502b40; archive = '<IDEArchive: 0x7fc689cef520>', distributionMethod='<IDEDistributionMethodAdHoc: 0x7fc68c3a9140>', team='<IDEProvisioningDisambiguatableBasicTeam: 0x7fc6886ac090; teamID='HA389773C9', teamName='Tiem Nguyen Khanh', teamType='Individual', username='tiemnk@gmail.com', isFreeProvisioningTeam='0'>'>
	<IDEDistributionProcessingPipelineContext: 0x7fc68e04db20; archive = '<IDEArchive: 0x7fc689cef520>', distributionMethod='<IDEDistributionMethodAdHoc: 0x7fc68c3a9140>', team='<IDEProvisioningDisambiguatableBasicTeam: 0x7fc6886ac090; teamID='HA389773C9', teamName='Tiem Nguyen Khanh', teamType='Individual', username='tiemnk@gmail.com', isFreeProvisioningTeam='0'>'>
	<IDEDistributionContext: 0x7fc68d4a8e60; archive = '<IDEArchive: 0x7fc689cef520>', distributionMethod='<IDEDistributionMethodAdHoc: 0x7fc68c3a9140>', team='<IDEProvisioningDisambiguatableBasicTeam: 0x7fc6886ac090; teamID='HA389773C9', teamName='Tiem Nguyen Khanh', teamType='Individual', username='tiemnk@gmail.com', isFreeProvisioningTeam='0'>'>
	<IDEDistributionContext: 0x7fc68d2e4de0; archive = '<IDEArchive: 0x7fc689cef520>', distributionMethod='<IDEDistributionMethodAdHoc: 0x7fc68c3a9140>', team='<IDEProvisioningDisambiguatableBasicTeam: 0x7fc6886ac090; teamID='HA389773C9', teamName='Tiem Nguyen Khanh', teamType='Individual', username='tiemnk@gmail.com', isFreeProvisioningTeam='0'>'>
	<IDEDistributionContext: 0x7fc68d3e1960; archive = '<IDEArchive: 0x7fc689cef520>', distributionMethod='<IDEDistributionMethodAdHoc: 0x7fc68c3a9140>', team='<IDEProvisioningDisambiguatableBasicTeam: 0x7fc6886ac090; teamID='HA389773C9', teamName='Tiem Nguyen Khanh', teamType='Individual', username='tiemnk@gmail.com', isFreeProvisioningTeam='0'>'>
	<IDEDistributionContext: 0x7fc68d3e4070; archive = '<IDEArchive: 0x7fc689cef520>', distributionMethod='<IDEDistributionMethodAdHoc: 0x7fc68c3a9140>', team='<IDEProvisioningDisambiguatableBasicTeam: 0x7fc6886ac090; teamID='HA389773C9', teamName='Tiem Nguyen Khanh', teamType='Individual', username='tiemnk@gmail.com', isFreeProvisioningTeam='0'>'>
	<IDEDistributionContext: 0x7fc68d144e10; archive = '<IDEArchive: 0x7fc689cef520>', distributionMethod='<IDEDistributionMethodAdHoc: 0x7fc68c3a9140>', team='<IDEProvisioningDisambiguatableBasicTeam: 0x7fc6886ac090; teamID='HA389773C9', teamName='Tiem Nguyen Khanh', teamType='Individual', username='tiemnk@gmail.com', isFreeProvisioningTeam='0'>'>
	<IDEDistributionContext: 0x7fc68d399120; archive = '<IDEArchive: 0x7fc689cef520>', distributionMethod='<IDEDistributionMethodAdHoc: 0x7fc68c3a9140>', team='<IDEProvisioningDisambiguatableBasicTeam: 0x7fc6886ac090; teamID='HA389773C9', teamName='Tiem Nguyen Khanh', teamType='Individual', username='tiemnk@gmail.com', isFreeProvisioningTeam='0'>'>
	<IDEDistributionContext: 0x7fc68d394450; archive = '<IDEArchive: 0x7fc689cef520>', distributionMethod='<IDEDistributionMethodAdHoc: 0x7fc68c3a9140>', team='<IDEProvisioningDisambiguatableBasicTeam: 0x7fc6886ac090; teamID='HA389773C9', teamName='Tiem Nguyen Khanh', teamType='Individual', username='tiemnk@gmail.com', isFreeProvisioningTeam='0'>'>
	<IDEDistributionContext: 0x7fc68d3f6970; archive = '<IDEArchive: 0x7fc689cef520>', distributionMethod='<IDEDistributionMethodAdHoc: 0x7fc68c3a9140>', team='(null)'>
	<IDEDistributionContext: 0x7fc68d2bf470; archive = '<IDEArchive: 0x7fc689cef520>', distributionMethod='<IDEDistributionMethodAdHoc: 0x7fc68c3a9140>', team='(null)'>
	<IDEDistributionContext: 0x7fc68d2bbc70; archive = '<IDEArchive: 0x7fc689cef520>', distributionMethod='(null)', team='(null)'>
</IDEDistributionProcessingPipelineContext: 0x7fc68d502b40>
2020-05-18 15:43:58 +0000  Processing step: IDEDistributionCreateDestRootStep
2020-05-18 15:43:58 +0000  Processing step: IDEDistributionCopyItemStep
2020-05-18 15:43:58 +0000  Running /usr/bin/ditto '-V' '/Users/duongbkak55/Library/Developer/Xcode/Archives/2020-05-18/AppNoiSoi 5-18-20, 10.35 PM.xcarchive/Products/Applications/AppNoiSoi.app' '/var/folders/91/cpj9z1h92w31bg3vqfpmk_zm0000gn/T/XcodeDistPipeline.W40/Root/Payload/AppNoiSoi.app'
2020-05-18 15:43:59 +0000  >>> Copying /Users/duongbkak55/Library/Developer/Xcode/Archives/2020-05-18/AppNoiSoi 5-18-20, 10.35 PM.xcarchive/Products/Applications/AppNoiSoi.app 
2020-05-18 15:43:59 +0000  copying file ./_CodeSignature/CodeResources ... 
2020-05-18 15:43:59 +0000  40733 bytes for ./_CodeSignature/CodeResources
2020-05-18 15:43:59 +0000  copying file ./Fontisto.ttf ... 
2020-05-18 15:43:59 +0000  313528 bytes for ./Fontisto.ttf
copying file ./Octicons.ttf ... 
2020-05-18 15:43:59 +0000  28364 bytes for ./Octicons.ttf
copying file ./Feather.ttf ... 
2020-05-18 15:43:59 +0000  58272 bytes for ./Feather.ttf
copying file ./Roboto_medium.ttf ... 
2020-05-18 15:43:59 +0000  137308 bytes for ./Roboto_medium.ttf
copying file ./AppIcon20x20@2x.png ... 
2020-05-18 15:43:59 +0000  3912 bytes for ./AppIcon20x20@2x.png
copying file ./AppIcon57x57.png ... 
2020-05-18 15:43:59 +0000  6998 bytes for ./AppIcon57x57.png
copying file ./Entypo.ttf ... 
2020-05-18 15:43:59 +0000  65584 bytes for ./Entypo.ttf
copying file ./AppIcon20x20@3x.png ... 
2020-05-18 15:43:59 +0000  7548 bytes for ./AppIcon20x20@3x.png
copying file ./FontAwesome5_Brands.ttf ... 
2020-05-18 15:43:59 +0000  125016 bytes for ./FontAwesome5_Brands.ttf
copying file ./AppIcon29x29.png ... 
2020-05-18 15:43:59 +0000  2226 bytes for ./AppIcon29x29.png
copying file ./MaterialCommunityIcons.ttf ... 
2020-05-18 15:43:59 +0000  546548 bytes for ./MaterialCommunityIcons.ttf
copying file ./AppIcon60x60@2x.png ... 
2020-05-18 15:43:59 +0000  19899 bytes for ./AppIcon60x60@2x.png
2020-05-18 15:43:59 +0000  copying file ./AppIcon72x72@2x~ipad.png ... 
2020-05-18 15:43:59 +0000  24609 bytes for ./AppIcon72x72@2x~ipad.png
copying file ./AppIcon29x29@2x.png ... 
2020-05-18 15:43:59 +0000  7235 bytes for ./AppIcon29x29@2x.png
copying file ./AntDesign.ttf ... 
2020-05-18 15:43:59 +0000  70344 bytes for ./AntDesign.ttf
copying file ./AppIcon40x40@3x.png ... 
2020-05-18 15:43:59 +0000  19899 bytes for ./AppIcon40x40@3x.png
copying file ./AppIcon57x57@2x.png ... 
2020-05-18 15:43:59 +0000  18680 bytes for ./AppIcon57x57@2x.png
2020-05-18 15:43:59 +0000  copying file ./Foundation.ttf ... 
2020-05-18 15:43:59 +0000  56976 bytes for ./Foundation.ttf
2020-05-18 15:43:59 +0000  copying file ./AppIcon29x29~ipad.png ... 
2020-05-18 15:43:59 +0000  2226 bytes for ./AppIcon29x29~ipad.png
copying file ./Ionicons.ttf ... 
2020-05-18 15:43:59 +0000  112472 bytes for ./Ionicons.ttf
copying file ./FontAwesome5_Solid.ttf ... 
2020-05-18 15:43:59 +0000  186228 bytes for ./FontAwesome5_Solid.ttf
copying file ./AppIcon40x40@2x.png ... 
2020-05-18 15:43:59 +0000  11647 bytes for ./AppIcon40x40@2x.png
copying file ./FontAwesome5_Regular.ttf ... 
2020-05-18 15:43:59 +0000  34092 bytes for ./FontAwesome5_Regular.ttf
copying file ./AppIcon29x29@3x.png ... 
2020-05-18 15:43:59 +0000  13025 bytes for ./AppIcon29x29@3x.png
copying file ./AppIcon60x60@3x.png ... 
2020-05-18 15:43:59 +0000  31599 bytes for ./AppIcon60x60@3x.png
copying file ./rubicon-icon-font.ttf ... 
2020-05-18 15:43:59 +0000  10208 bytes for ./rubicon-icon-font.ttf
2020-05-18 15:43:59 +0000  copying file ./Base.lproj/LaunchScreen.nib ... 
2020-05-18 15:43:59 +0000  3103 bytes for ./Base.lproj/LaunchScreen.nib
2020-05-18 15:43:59 +0000  copying file ./FontAwesome.ttf ... 
2020-05-18 15:43:59 +0000  165548 bytes for ./FontAwesome.ttf
copying file ./Zocial.ttf ... 
2020-05-18 15:43:59 +0000  25552 bytes for ./Zocial.ttf
copying file ./Roboto.ttf ... 
2020-05-18 15:43:59 +0000  145348 bytes for ./Roboto.ttf
copying file ./Assets.car ... 
2020-05-18 15:43:59 +0000  513672 bytes for ./Assets.car
2020-05-18 15:43:59 +0000  copying file ./AppIcon40x40@2x~ipad.png ... 
2020-05-18 15:43:59 +0000  11647 bytes for ./AppIcon40x40@2x~ipad.png
copying file ./EvilIcons.ttf ... 
2020-05-18 15:43:59 +0000  13456 bytes for ./EvilIcons.ttf
copying file ./AppIcon76x76@2x~ipad.png ... 
2020-05-18 15:43:59 +0000  26154 bytes for ./AppIcon76x76@2x~ipad.png
copying file ./AppIcon72x72~ipad.png ... 
2020-05-18 15:43:59 +0000  10022 bytes for ./AppIcon72x72~ipad.png
2020-05-18 15:43:59 +0000  copying file ./main.jsbundle ... 
2020-05-18 15:43:59 +0000  3167377 bytes for ./main.jsbundle
copying file ./AppIcon83.5x83.5@2x~ipad.png ... 
2020-05-18 15:43:59 +0000  29138 bytes for ./AppIcon83.5x83.5@2x~ipad.png
copying file ./AppIcon50x50~ipad.png ... 
2020-05-18 15:43:59 +0000  5733 bytes for ./AppIcon50x50~ipad.png
2020-05-18 15:43:59 +0000  copying file ./AppNoiSoi ... 
2020-05-18 15:43:59 +0000  8701616 bytes for ./AppNoiSoi
copying file ./AppIcon29x29@2x~ipad.png ... 
2020-05-18 15:43:59 +0000  7235 bytes for ./AppIcon29x29@2x~ipad.png
2020-05-18 15:43:59 +0000  copying file ./AppIcon50x50@2x~ipad.png ... 
2020-05-18 15:43:59 +0000  15794 bytes for ./AppIcon50x50@2x~ipad.png
copying file ./AppIcon40x40~ipad.png ... 
2020-05-18 15:43:59 +0000  3912 bytes for ./AppIcon40x40~ipad.png
copying file ./AppIcon20x20~ipad.png ... 
2020-05-18 15:43:59 +0000  1238 bytes for ./AppIcon20x20~ipad.png
copying file ./SimpleLineIcons.ttf ... 
2020-05-18 15:43:59 +0000  54056 bytes for ./SimpleLineIcons.ttf
2020-05-18 15:43:59 +0000  copying file ./embedded.mobileprovision ... 
2020-05-18 15:43:59 +0000  9342 bytes for ./embedded.mobileprovision
2020-05-18 15:43:59 +0000  copying file ./assets/app.json ... 
2020-05-18 15:43:59 +0000  55 bytes for ./assets/app.json
2020-05-18 15:43:59 +0000  copying file ./assets/node_modules/react-native-ratings/src/images/bell.png ... 
2020-05-18 15:43:59 +0000  2989 bytes for ./assets/node_modules/react-native-ratings/src/images/bell.png
copying file ./assets/node_modules/react-native-ratings/src/images/airbnb-star-selected.png ... 
2020-05-18 15:43:59 +0000  934 bytes for ./assets/node_modules/react-native-ratings/src/images/airbnb-star-selected.png
copying file ./assets/node_modules/react-native-ratings/src/images/heart.png ... 
2020-05-18 15:43:59 +0000  1928 bytes for ./assets/node_modules/react-native-ratings/src/images/heart.png
copying file ./assets/node_modules/react-native-ratings/src/images/airbnb-star.png ... 
2020-05-18 15:43:59 +0000  930 bytes for ./assets/node_modules/react-native-ratings/src/images/airbnb-star.png
copying file ./assets/node_modules/react-native-ratings/src/images/rocket.png ... 
2020-05-18 15:43:59 +0000  4050 bytes for ./assets/node_modules/react-native-ratings/src/images/rocket.png
2020-05-18 15:43:59 +0000  copying file ./assets/node_modules/react-native-ratings/src/images/star.png ... 
2020-05-18 15:43:59 +0000  1961 bytes for ./assets/node_modules/react-native-ratings/src/images/star.png
2020-05-18 15:43:59 +0000  copying file ./assets/node_modules/native-base/dist/src/basic/Icon/NBIcons.json ... 
2020-05-18 15:43:59 +0000  59995 bytes for ./assets/node_modules/native-base/dist/src/basic/Icon/NBIcons.json
2020-05-18 15:43:59 +0000  copying file ./assets/node_modules/moment-timezone/data/packed/latest.json ... 
2020-05-18 15:43:59 +0000  191041 bytes for ./assets/node_modules/moment-timezone/data/packed/latest.json
2020-05-18 15:43:59 +0000  copying file ./assets/node_modules/react-native-router-flux/images/menu_burger.png ... 
2020-05-18 15:43:59 +0000  706 bytes for ./assets/node_modules/react-native-router-flux/images/menu_burger.png
copying file ./assets/node_modules/react-native-router-flux/images/back_chevron.png ... 
2020-05-18 15:43:59 +0000  575 bytes for ./assets/node_modules/react-native-router-flux/images/back_chevron.png
2020-05-18 15:43:59 +0000  copying file ./assets/node_modules/react-navigation-stack/lib/module/views/assets/back-icon@3x.png ... 
2020-05-18 15:43:59 +0000  761 bytes for ./assets/node_modules/react-navigation-stack/lib/module/views/assets/back-icon@3x.png
copying file ./assets/node_modules/react-navigation-stack/lib/module/views/assets/back-icon@2x.png ... 
2020-05-18 15:43:59 +0000  405 bytes for ./assets/node_modules/react-navigation-stack/lib/module/views/assets/back-icon@2x.png
copying file ./assets/node_modules/react-navigation-stack/lib/module/views/assets/back-icon.png ... 
2020-05-18 15:43:59 +0000  290 bytes for ./assets/node_modules/react-navigation-stack/lib/module/views/assets/back-icon.png
copying file ./assets/node_modules/react-navigation-stack/lib/module/views/assets/back-icon-mask.png ... 
2020-05-18 15:43:59 +0000  1619 bytes for ./assets/node_modules/react-navigation-stack/lib/module/views/assets/back-icon-mask.png
2020-05-18 15:43:59 +0000  copying file ./assets/node_modules/react-native-vector-icons/glyphmaps/Ionicons.json ... 
2020-05-18 15:43:59 +0000  17166 bytes for ./assets/node_modules/react-native-vector-icons/glyphmaps/Ionicons.json
copying file ./assets/node_modules/react-native-vector-icons/glyphmaps/Fontisto.json ... 
2020-05-18 15:43:59 +0000  13107 bytes for ./assets/node_modules/react-native-vector-icons/glyphmaps/Fontisto.json
copying file ./assets/node_modules/react-native-vector-icons/glyphmaps/EvilIcons.json ... 
2020-05-18 15:43:59 +0000  1454 bytes for ./assets/node_modules/react-native-vector-icons/glyphmaps/EvilIcons.json
2020-05-18 15:43:59 +0000  copying file ./assets/node_modules/react-native-vector-icons/glyphmaps/Octicons.json ... 
2020-05-18 15:43:59 +0000  3992 bytes for ./assets/node_modules/react-native-vector-icons/glyphmaps/Octicons.json
copying file ./assets/node_modules/react-native-vector-icons/glyphmaps/FontAwesome5Free_meta.json ... 
2020-05-18 15:43:59 +0000  26240 bytes for ./assets/node_modules/react-native-vector-icons/glyphmaps/FontAwesome5Free_meta.json
copying file ./assets/node_modules/react-native-vector-icons/glyphmaps/FontAwesome.json ... 
2020-05-18 15:43:59 +0000  17437 bytes for ./assets/node_modules/react-native-vector-icons/glyphmaps/FontAwesome.json
copying file ./assets/node_modules/react-native-vector-icons/glyphmaps/MaterialIcons.json ... 
2020-05-18 15:43:59 +0000  22815 bytes for ./assets/node_modules/react-native-vector-icons/glyphmaps/MaterialIcons.json
copying file ./assets/node_modules/react-native-vector-icons/glyphmaps/Entypo.json ... 
2020-05-18 15:43:59 +0000  9486 bytes for ./assets/node_modules/react-native-vector-icons/glyphmaps/Entypo.json
copying file ./assets/node_modules/react-native-vector-icons/glyphmaps/SimpleLineIcons.json ... 
2020-05-18 15:43:59 +0000  4102 bytes for ./assets/node_modules/react-native-vector-icons/glyphmaps/SimpleLineIcons.json
copying file ./assets/node_modules/react-native-vector-icons/glyphmaps/AntDesign.json ... 
2020-05-18 15:43:59 +0000  6303 bytes for ./assets/node_modules/react-native-vector-icons/glyphmaps/AntDesign.json
copying file ./assets/node_modules/react-native-vector-icons/glyphmaps/FontAwesome5Free.json ... 
2020-05-18 15:43:59 +0000  30175 bytes for ./assets/node_modules/react-native-vector-icons/glyphmaps/FontAwesome5Free.json
copying file ./assets/node_modules/react-native-vector-icons/glyphmaps/Feather.json ... 
2020-05-18 15:43:59 +0000  5933 bytes for ./assets/node_modules/react-native-vector-icons/glyphmaps/Feather.json
2020-05-18 15:43:59 +0000  copying file ./assets/node_modules/react-native-vector-icons/glyphmaps/MaterialCommunityIcons.json ... 
2020-05-18 15:43:59 +0000  97065 bytes for ./assets/node_modules/react-native-vector-icons/glyphmaps/MaterialCommunityIcons.json
copying file ./assets/node_modules/react-native-vector-icons/glyphmaps/Foundation.json ... 
2020-05-18 15:43:59 +0000  6417 bytes for ./assets/node_modules/react-native-vector-icons/glyphmaps/Foundation.json
copying file ./assets/node_modules/react-native-vector-icons/glyphmaps/Zocial.json ... 
2020-05-18 15:43:59 +0000  2013 bytes for ./assets/node_modules/react-native-vector-icons/glyphmaps/Zocial.json
2020-05-18 15:43:59 +0000  copying file ./assets/node_modules/react-native-calendars/src/calendar/img/previous@2x.png ... 
2020-05-18 15:43:59 +0000  458 bytes for ./assets/node_modules/react-native-calendars/src/calendar/img/previous@2x.png
copying file ./assets/node_modules/react-native-calendars/src/calendar/img/next@2x.png ... 
2020-05-18 15:43:59 +0000  462 bytes for ./assets/node_modules/react-native-calendars/src/calendar/img/next@2x.png
2020-05-18 15:43:59 +0000  copying file ./assets/node_modules/react-native-calendars/src/img/down@3x.png ... 
2020-05-18 15:43:59 +0000  508 bytes for ./assets/node_modules/react-native-calendars/src/img/down@3x.png
copying file ./assets/node_modules/react-native-calendars/src/img/down@2x.png ... 
2020-05-18 15:43:59 +0000  354 bytes for ./assets/node_modules/react-native-calendars/src/img/down@2x.png
copying file ./assets/node_modules/react-native-calendars/src/img/up.png ... 
2020-05-18 15:43:59 +0000  215 bytes for ./assets/node_modules/react-native-calendars/src/img/up.png
2020-05-18 15:43:59 +0000  copying file ./assets/node_modules/react-native-calendars/src/img/down.png ... 
2020-05-18 15:43:59 +0000  208 bytes for ./assets/node_modules/react-native-calendars/src/img/down.png
copying file ./assets/node_modules/react-native-calendars/src/img/up@2x.png ... 
2020-05-18 15:43:59 +0000  347 bytes for ./assets/node_modules/react-native-calendars/src/img/up@2x.png
copying file ./assets/node_modules/react-native-calendars/src/img/up@3x.png ... 
2020-05-18 15:43:59 +0000  504 bytes for ./assets/node_modules/react-native-calendars/src/img/up@3x.png
2020-05-18 15:43:59 +0000  copying file ./assets/src/global/asset/images/hospital.png ... 
2020-05-18 15:43:59 +0000  87572 bytes for ./assets/src/global/asset/images/hospital.png
copying file ./assets/src/global/asset/images/_TaiKhoan.png ... 
2020-05-18 15:43:59 +0000  52165 bytes for ./assets/src/global/asset/images/_TaiKhoan.png
copying file ./assets/src/global/asset/images/_CapNhatKienThuc.png ... 
2020-05-18 15:43:59 +0000  44502 bytes for ./assets/src/global/asset/images/_CapNhatKienThuc.png
copying file ./assets/src/global/asset/images/_DatLichKham.png ... 
2020-05-18 15:43:59 +0000  64080 bytes for ./assets/src/global/asset/images/_DatLichKham.png
copying file ./assets/src/global/asset/images/_HuongDanUongThuoc.png ... 
2020-05-18 15:43:59 +0000  44505 bytes for ./assets/src/global/asset/images/_HuongDanUongThuoc.png
copying file ./assets/src/global/asset/images/potty.jpg ... 
2020-05-18 15:43:59 +0000  6661 bytes for ./assets/src/global/asset/images/potty.jpg
copying file ./assets/src/global/asset/images/account.png ... 
2020-05-18 15:43:59 +0000  25582 bytes for ./assets/src/global/asset/images/account.png
copying file ./assets/src/global/asset/images/house.png ... 
2020-05-18 15:43:59 +0000  32952 bytes for ./assets/src/global/asset/images/house.png
2020-05-18 15:43:59 +0000  copying file ./assets/src/global/asset/images/background.jpg ... 
2020-05-18 15:43:59 +0000  986096 bytes for ./assets/src/global/asset/images/background.jpg
copying file ./assets/src/global/asset/images/_ThongTinDichVu.png ... 
2020-05-18 15:43:59 +0000  46790 bytes for ./assets/src/global/asset/images/_ThongTinDichVu.png
copying file ./assets/src/global/asset/images/_HoTroSauNoiSoi.png ... 
2020-05-18 15:43:59 +0000  67700 bytes for ./assets/src/global/asset/images/_HoTroSauNoiSoi.png
copying file ./assets/src/global/asset/images/nurse.png ... 
2020-05-18 15:43:59 +0000  66142 bytes for ./assets/src/global/asset/images/nurse.png
copying file ./assets/src/global/asset/images/cham_soc_sau_noi_soi.jpg ... 
2020-05-18 15:43:59 +0000  33861 bytes for ./assets/src/global/asset/images/cham_soc_sau_noi_soi.jpg
copying file ./assets/src/global/asset/images/HoangLongClinic.jpg ... 
2020-05-18 15:43:59 +0000  7215393 bytes for ./assets/src/global/asset/images/HoangLongClinic.jpg
2020-05-18 15:43:59 +0000  copying file ./assets/src/global/asset/images/sos.png ... 
2020-05-18 15:43:59 +0000  17122 bytes for ./assets/src/global/asset/images/sos.png
2020-05-18 15:43:59 +0000  copying file ./assets/src/global/asset/logo/zalo.png ... 
2020-05-18 15:43:59 +0000  13154 bytes for ./assets/src/global/asset/logo/zalo.png
2020-05-18 15:43:59 +0000  copying file ./assets/src/global/asset/logo/logo.png ... 
2020-05-18 15:43:59 +0000  59087 bytes for ./assets/src/global/asset/logo/logo.png
copying file ./assets/src/global/asset/logo/changePwd.jpg ... 
2020-05-18 15:43:59 +0000  51464 bytes for ./assets/src/global/asset/logo/changePwd.jpg
copying file ./assets/src/global/asset/logo/web.png ... 
2020-05-18 15:43:59 +0000  16872 bytes for ./assets/src/global/asset/logo/web.png
copying file ./assets/src/global/asset/logo/youtube.png ... 
2020-05-18 15:43:59 +0000  29028 bytes for ./assets/src/global/asset/logo/youtube.png
copying file ./assets/src/global/asset/logo/logoIGH.png ... 
2020-05-18 15:43:59 +0000  121448 bytes for ./assets/src/global/asset/logo/logoIGH.png
copying file ./assets/src/global/asset/logo/facebook.png ... 
2020-05-18 15:43:59 +0000  18735 bytes for ./assets/src/global/asset/logo/facebook.png
2020-05-18 15:43:59 +0000  copying file ./assets/src/global/asset/icon/email.png ... 
2020-05-18 15:43:59 +0000  9921 bytes for ./assets/src/global/asset/icon/email.png
copying file ./assets/src/global/asset/icon/tick.png ... 
2020-05-18 15:43:59 +0000  9832 bytes for ./assets/src/global/asset/icon/tick.png
copying file ./assets/src/global/asset/icon/bell.gif ... 
2020-05-18 15:43:59 +0000  18855 bytes for ./assets/src/global/asset/icon/bell.gif
copying file ./assets/src/global/asset/icon/schedule.png ... 
2020-05-18 15:43:59 +0000  15142 bytes for ./assets/src/global/asset/icon/schedule.png
copying file ./assets/src/global/asset/icon/notFound.png ... 
2020-05-18 15:43:59 +0000  16184 bytes for ./assets/src/global/asset/icon/notFound.png
copying file ./assets/src/global/asset/icon/stars.png ... 
2020-05-18 15:43:59 +0000  737 bytes for ./assets/src/global/asset/icon/stars.png
2020-05-18 15:43:59 +0000  copying file ./AppIcon20x20@2x~ipad.png ... 
2020-05-18 15:43:59 +0000  3912 bytes for ./AppIcon20x20@2x~ipad.png
copying file ./Info.plist ... 
2020-05-18 15:43:59 +0000  1869 bytes for ./Info.plist
copying file ./PkgInfo ... 
2020-05-18 15:43:59 +0000  8 bytes for ./PkgInfo
copying file ./MaterialIcons.ttf ... 
2020-05-18 15:43:59 +0000  128180 bytes for ./MaterialIcons.ttf
copying file ./AppIcon76x76~ipad.png ... 
2020-05-18 15:43:59 +0000  10903 bytes for ./AppIcon76x76~ipad.png
2020-05-18 15:43:59 +0000  /usr/bin/ditto exited with 0
2020-05-18 15:43:59 +0000  Processing step: IDEDistributionEmbedProfileStep
2020-05-18 15:43:59 +0000  Processing step: IDEDistributionAppThinningPlistStep
2020-05-18 15:43:59 +0000  Skipping step: IDEDistributionAppThinningPlistStep because it said so
2020-05-18 15:43:59 +0000  Processing step: IDEDistributionCompileBitcodeStep
2020-05-18 15:43:59 +0000  Skipping step: IDEDistributionCompileBitcodeStep because it said so
2020-05-18 15:43:59 +0000  Processing step: IDEDistributionCodeSlimmingStep
2020-05-18 15:43:59 +0000  Processing step: IDEDistributionCopyBCSymbolMapsStep
2020-05-18 15:43:59 +0000  Skipping step: IDEDistributionCopyBCSymbolMapsStep because it said so
2020-05-18 15:43:59 +0000  Processing step: IDEDistributionSymbolsStep
2020-05-18 15:43:59 +0000  Skipping step: IDEDistributionSymbolsStep because it said so
2020-05-18 15:43:59 +0000  Processing step: IDEDistributionAppThinningStep
2020-05-18 15:43:59 +0000  Skipping step: IDEDistributionAppThinningStep because it said so
2020-05-18 15:43:59 +0000  Processing step: IDEDistributionArchThinningStep
2020-05-18 15:43:59 +0000  Running /Applications/Xcode.app/Contents/Developer/Toolchains/XcodeDefault.xctoolchain/usr/bin/lipo '/var/folders/91/cpj9z1h92w31bg3vqfpmk_zm0000gn/T/XcodeDistPipeline.W40/Root/Payload/AppNoiSoi.app/AppNoiSoi' '-verify_arch' 'arm64e'
2020-05-18 15:43:59 +0000  /Applications/Xcode.app/Contents/Developer/Toolchains/XcodeDefault.xctoolchain/usr/bin/lipo exited with 1
2020-05-18 15:43:59 +0000  Skipping architecture thinning for item "AppNoiSoi" because arch "arm64e" wasn't found
2020-05-18 15:43:59 +0000  Processing step: IDEDistributionODRStep
2020-05-18 15:43:59 +0000  Processing step: IDEDistributionStripXattrsStep
2020-05-18 15:43:59 +0000  Running /usr/bin/xattr '-crs' '/var/folders/91/cpj9z1h92w31bg3vqfpmk_zm0000gn/T/XcodeDistPipeline.W40/Root/Payload/AppNoiSoi.app'
2020-05-18 15:43:59 +0000  /usr/bin/xattr exited with 0
2020-05-18 15:43:59 +0000  Processing step: IDEDistributionCodesignStep
2020-05-18 15:43:59 +0000  Entitlements for <IDEDistributionItem: 0x7fc68d37a400 'org.reactjs.native.appnoisoi.AppNoiSoi' '<DVTFilePath:0x7fc688fd6a30:'/Users/duongbkak55/Library/Developer/Xcode/Archives/2020-05-18/AppNoiSoi 5-18-20, 10.35 PM.xcarchive/Products/Applications/AppNoiSoi.app'>'>: {
    "application-identifier" = "HA389773C9.org.reactjs.native.appnoisoi.AppNoiSoi";
    "com.apple.developer.team-identifier" = HA389773C9;
    "get-task-allow" = 0;
    "keychain-access-groups" =     (
        "HA389773C9.org.reactjs.native.appnoisoi.AppNoiSoi"
    );
}
2020-05-18 15:43:59 +0000  Writing entitlements for <IDEDistributionItem: 0x7fc68d37a400 'org.reactjs.native.appnoisoi.AppNoiSoi' '<DVTFilePath:0x7fc688fd6a30:'/Users/duongbkak55/Library/Developer/Xcode/Archives/2020-05-18/AppNoiSoi 5-18-20, 10.35 PM.xcarchive/Products/Applications/AppNoiSoi.app'>'> to: /var/folders/91/cpj9z1h92w31bg3vqfpmk_zm0000gn/T/XcodeDistPipeline.W40/entitlementshNH06v
2020-05-18 15:43:59 +0000  Running /usr/bin/codesign '-vvv' '--force' '--sign' '41175B8142B279125D45E97B15F67AFC3380F14E' '--entitlements' '/var/folders/91/cpj9z1h92w31bg3vqfpmk_zm0000gn/T/XcodeDistPipeline.W40/entitlementshNH06v' '--preserve-metadata=identifier,flags,runtime' '/var/folders/91/cpj9z1h92w31bg3vqfpmk_zm0000gn/T/XcodeDistPipeline.W40/Root/Payload/AppNoiSoi.app'
2020-05-18 15:44:00 +0000  /var/folders/91/cpj9z1h92w31bg3vqfpmk_zm0000gn/T/XcodeDistPipeline.W40/Root/Payload/AppNoiSoi.app: replacing existing signature
2020-05-18 15:44:00 +0000  /var/folders/91/cpj9z1h92w31bg3vqfpmk_zm0000gn/T/XcodeDistPipeline.W40/Root/Payload/AppNoiSoi.app: signed app bundle with Mach-O universal (armv7 arm64) [org.reactjs.native.appnoisoi.AppNoiSoi]
2020-05-18 15:44:00 +0000  /usr/bin/codesign exited with 0
2020-05-18 15:44:00 +0000  Processing step: IDEDistributionZipODRItemStep
2020-05-18 15:44:00 +0000  Skipping step: IDEDistributionZipODRItemStep because it said so
2020-05-18 15:44:00 +0000  Processing step: IDEDistributionCreateIPAStep
2020-05-18 15:44:00 +0000  Running /usr/bin/ditto '-V' '-c' '-k' '--norsrc' '/var/folders/91/cpj9z1h92w31bg3vqfpmk_zm0000gn/T/XcodeDistPipeline.W40/Root' '/var/folders/91/cpj9z1h92w31bg3vqfpmk_zm0000gn/T/XcodeDistPipeline.W40/Packages/AppNoiSoi.ipa'
2020-05-18 15:44:00 +0000  >>> Copying /var/folders/91/cpj9z1h92w31bg3vqfpmk_zm0000gn/T/XcodeDistPipeline.W40/Root 
2020-05-18 15:44:00 +0000  copying file ./Payload/AppNoiSoi.app/_CodeSignature/CodeResources ... 
2020-05-18 15:44:00 +0000  40733 bytes for ./Payload/AppNoiSoi.app/_CodeSignature/CodeResources
2020-05-18 15:44:00 +0000  copying file ./Payload/AppNoiSoi.app/Fontisto.ttf ... 
2020-05-18 15:44:00 +0000  313528 bytes for ./Payload/AppNoiSoi.app/Fontisto.ttf
copying file ./Payload/AppNoiSoi.app/Octicons.ttf ... 
2020-05-18 15:44:00 +0000  28364 bytes for ./Payload/AppNoiSoi.app/Octicons.ttf
copying file ./Payload/AppNoiSoi.app/Feather.ttf ... 
2020-05-18 15:44:00 +0000  58272 bytes for ./Payload/AppNoiSoi.app/Feather.ttf
copying file ./Payload/AppNoiSoi.app/Roboto_medium.ttf ... 
2020-05-18 15:44:00 +0000  137308 bytes for ./Payload/AppNoiSoi.app/Roboto_medium.ttf
copying file ./Payload/AppNoiSoi.app/AppIcon20x20@2x.png ... 
2020-05-18 15:44:00 +0000  3912 bytes for ./Payload/AppNoiSoi.app/AppIcon20x20@2x.png
copying file ./Payload/AppNoiSoi.app/AppIcon57x57.png ... 
2020-05-18 15:44:00 +0000  6998 bytes for ./Payload/AppNoiSoi.app/AppIcon57x57.png
2020-05-18 15:44:00 +0000  copying file ./Payload/AppNoiSoi.app/Entypo.ttf ... 
2020-05-18 15:44:00 +0000  65584 bytes for ./Payload/AppNoiSoi.app/Entypo.ttf
copying file ./Payload/AppNoiSoi.app/AppIcon20x20@3x.png ... 
2020-05-18 15:44:00 +0000  7548 bytes for ./Payload/AppNoiSoi.app/AppIcon20x20@3x.png
copying file ./Payload/AppNoiSoi.app/FontAwesome5_Brands.ttf ... 
2020-05-18 15:44:00 +0000  125016 bytes for ./Payload/AppNoiSoi.app/FontAwesome5_Brands.ttf
copying file ./Payload/AppNoiSoi.app/AppIcon29x29.png ... 
2020-05-18 15:44:00 +0000  2226 bytes for ./Payload/AppNoiSoi.app/AppIcon29x29.png
copying file ./Payload/AppNoiSoi.app/MaterialCommunityIcons.ttf ... 
2020-05-18 15:44:00 +0000  546548 bytes for ./Payload/AppNoiSoi.app/MaterialCommunityIcons.ttf
copying file ./Payload/AppNoiSoi.app/AppIcon60x60@2x.png ... 
19899 bytes for ./Payload/AppNoiSoi.app/AppIcon60x60@2x.png
copying file ./Payload/AppNoiSoi.app/AppIcon72x72@2x~ipad.png ... 
2020-05-18 15:44:00 +0000  24609 bytes for ./Payload/AppNoiSoi.app/AppIcon72x72@2x~ipad.png
2020-05-18 15:44:00 +0000  copying file ./Payload/AppNoiSoi.app/AppIcon29x29@2x.png ... 
2020-05-18 15:44:00 +0000  7235 bytes for ./Payload/AppNoiSoi.app/AppIcon29x29@2x.png
copying file ./Payload/AppNoiSoi.app/AntDesign.ttf ... 
2020-05-18 15:44:00 +0000  70344 bytes for ./Payload/AppNoiSoi.app/AntDesign.ttf
copying file ./Payload/AppNoiSoi.app/AppIcon40x40@3x.png ... 
2020-05-18 15:44:00 +0000  19899 bytes for ./Payload/AppNoiSoi.app/AppIcon40x40@3x.png
copying file ./Payload/AppNoiSoi.app/AppIcon57x57@2x.png ... 
2020-05-18 15:44:00 +0000  18680 bytes for ./Payload/AppNoiSoi.app/AppIcon57x57@2x.png
copying file ./Payload/AppNoiSoi.app/Foundation.ttf ... 
2020-05-18 15:44:00 +0000  56976 bytes for ./Payload/AppNoiSoi.app/Foundation.ttf
copying file ./Payload/AppNoiSoi.app/AppIcon29x29~ipad.png ... 
2020-05-18 15:44:00 +0000  2226 bytes for ./Payload/AppNoiSoi.app/AppIcon29x29~ipad.png
copying file ./Payload/AppNoiSoi.app/Ionicons.ttf ... 
2020-05-18 15:44:00 +0000  112472 bytes for ./Payload/AppNoiSoi.app/Ionicons.ttf
copying file ./Payload/AppNoiSoi.app/FontAwesome5_Solid.ttf ... 
2020-05-18 15:44:00 +0000  186228 bytes for ./Payload/AppNoiSoi.app/FontAwesome5_Solid.ttf
copying file ./Payload/AppNoiSoi.app/AppIcon40x40@2x.png ... 
2020-05-18 15:44:00 +0000  11647 bytes for ./Payload/AppNoiSoi.app/AppIcon40x40@2x.png
copying file ./Payload/AppNoiSoi.app/FontAwesome5_Regular.ttf ... 
2020-05-18 15:44:00 +0000  34092 bytes for ./Payload/AppNoiSoi.app/FontAwesome5_Regular.ttf
copying file ./Payload/AppNoiSoi.app/AppIcon29x29@3x.png ... 
2020-05-18 15:44:00 +0000  13025 bytes for ./Payload/AppNoiSoi.app/AppIcon29x29@3x.png
copying file ./Payload/AppNoiSoi.app/AppIcon60x60@3x.png ... 
2020-05-18 15:44:00 +0000  31599 bytes for ./Payload/AppNoiSoi.app/AppIcon60x60@3x.png
copying file ./Payload/AppNoiSoi.app/rubicon-icon-font.ttf ... 
2020-05-18 15:44:00 +0000  10208 bytes for ./Payload/AppNoiSoi.app/rubicon-icon-font.ttf
copying file ./Payload/AppNoiSoi.app/Base.lproj/LaunchScreen.nib ... 
2020-05-18 15:44:00 +0000  3103 bytes for ./Payload/AppNoiSoi.app/Base.lproj/LaunchScreen.nib
copying file ./Payload/AppNoiSoi.app/FontAwesome.ttf ... 
2020-05-18 15:44:00 +0000  165548 bytes for ./Payload/AppNoiSoi.app/FontAwesome.ttf
copying file ./Payload/AppNoiSoi.app/Zocial.ttf ... 
2020-05-18 15:44:00 +0000  25552 bytes for ./Payload/AppNoiSoi.app/Zocial.ttf
copying file ./Payload/AppNoiSoi.app/Roboto.ttf ... 
2020-05-18 15:44:00 +0000  145348 bytes for ./Payload/AppNoiSoi.app/Roboto.ttf
copying file ./Payload/AppNoiSoi.app/Assets.car ... 
2020-05-18 15:44:00 +0000  513672 bytes for ./Payload/AppNoiSoi.app/Assets.car
copying file ./Payload/AppNoiSoi.app/AppIcon40x40@2x~ipad.png ... 
2020-05-18 15:44:00 +0000  11647 bytes for ./Payload/AppNoiSoi.app/AppIcon40x40@2x~ipad.png
copying file ./Payload/AppNoiSoi.app/EvilIcons.ttf ... 
2020-05-18 15:44:00 +0000  13456 bytes for ./Payload/AppNoiSoi.app/EvilIcons.ttf
2020-05-18 15:44:00 +0000  copying file ./Payload/AppNoiSoi.app/AppIcon76x76@2x~ipad.png ... 
2020-05-18 15:44:00 +0000  26154 bytes for ./Payload/AppNoiSoi.app/AppIcon76x76@2x~ipad.png
copying file ./Payload/AppNoiSoi.app/AppIcon72x72~ipad.png ... 
2020-05-18 15:44:00 +0000  10022 bytes for ./Payload/AppNoiSoi.app/AppIcon72x72~ipad.png
copying file ./Payload/AppNoiSoi.app/main.jsbundle ... 
2020-05-18 15:44:00 +0000  3167377 bytes for ./Payload/AppNoiSoi.app/main.jsbundle
copying file ./Payload/AppNoiSoi.app/AppIcon83.5x83.5@2x~ipad.png ... 
2020-05-18 15:44:00 +0000  29138 bytes for ./Payload/AppNoiSoi.app/AppIcon83.5x83.5@2x~ipad.png
copying file ./Payload/AppNoiSoi.app/AppIcon50x50~ipad.png ... 
2020-05-18 15:44:00 +0000  5733 bytes for ./Payload/AppNoiSoi.app/AppIcon50x50~ipad.png
copying file ./Payload/AppNoiSoi.app/AppNoiSoi ... 
2020-05-18 15:44:01 +0000  8701616 bytes for ./Payload/AppNoiSoi.app/AppNoiSoi
copying file ./Payload/AppNoiSoi.app/AppIcon29x29@2x~ipad.png ... 
2020-05-18 15:44:01 +0000  7235 bytes for ./Payload/AppNoiSoi.app/AppIcon29x29@2x~ipad.png
copying file ./Payload/AppNoiSoi.app/AppIcon50x50@2x~ipad.png ... 
2020-05-18 15:44:01 +0000  15794 bytes for ./Payload/AppNoiSoi.app/AppIcon50x50@2x~ipad.png
2020-05-18 15:44:01 +0000  copying file ./Payload/AppNoiSoi.app/AppIcon40x40~ipad.png ... 
2020-05-18 15:44:01 +0000  3912 bytes for ./Payload/AppNoiSoi.app/AppIcon40x40~ipad.png
2020-05-18 15:44:01 +0000  copying file ./Payload/AppNoiSoi.app/AppIcon20x20~ipad.png ... 
2020-05-18 15:44:01 +0000  1238 bytes for ./Payload/AppNoiSoi.app/AppIcon20x20~ipad.png
copying file ./Payload/AppNoiSoi.app/SimpleLineIcons.ttf ... 
2020-05-18 15:44:01 +0000  54056 bytes for ./Payload/AppNoiSoi.app/SimpleLineIcons.ttf
copying file ./Payload/AppNoiSoi.app/embedded.mobileprovision ... 
2020-05-18 15:44:01 +0000  7418 bytes for ./Payload/AppNoiSoi.app/embedded.mobileprovision
2020-05-18 15:44:01 +0000  copying file ./Payload/AppNoiSoi.app/assets/app.json ... 
55 bytes for ./Payload/AppNoiSoi.app/assets/app.json
2020-05-18 15:44:01 +0000  copying file ./Payload/AppNoiSoi.app/assets/node_modules/react-native-ratings/src/images/bell.png ... 
2020-05-18 15:44:01 +0000  2989 bytes for ./Payload/AppNoiSoi.app/assets/node_modules/react-native-ratings/src/images/bell.png
copying file ./Payload/AppNoiSoi.app/assets/node_modules/react-native-ratings/src/images/airbnb-star-selected.png ... 
2020-05-18 15:44:01 +0000  934 bytes for ./Payload/AppNoiSoi.app/assets/node_modules/react-native-ratings/src/images/airbnb-star-selected.png
copying file ./Payload/AppNoiSoi.app/assets/node_modules/react-native-ratings/src/images/heart.png ... 
2020-05-18 15:44:01 +0000  1928 bytes for ./Payload/AppNoiSoi.app/assets/node_modules/react-native-ratings/src/images/heart.png
copying file ./Payload/AppNoiSoi.app/assets/node_modules/react-native-ratings/src/images/airbnb-star.png ... 
2020-05-18 15:44:01 +0000  930 bytes for ./Payload/AppNoiSoi.app/assets/node_modules/react-native-ratings/src/images/airbnb-star.png
copying file ./Payload/AppNoiSoi.app/assets/node_modules/react-native-ratings/src/images/rocket.png ... 
2020-05-18 15:44:01 +0000  4050 bytes for ./Payload/AppNoiSoi.app/assets/node_modules/react-native-ratings/src/images/rocket.png
copying file ./Payload/AppNoiSoi.app/assets/node_modules/react-native-ratings/src/images/star.png ... 
1961 bytes for ./Payload/AppNoiSoi.app/assets/node_modules/react-native-ratings/src/images/star.png
2020-05-18 15:44:01 +0000  copying file ./Payload/AppNoiSoi.app/assets/node_modules/native-base/dist/src/basic/Icon/NBIcons.json ... 
2020-05-18 15:44:01 +0000  59995 bytes for ./Payload/AppNoiSoi.app/assets/node_modules/native-base/dist/src/basic/Icon/NBIcons.json
2020-05-18 15:44:01 +0000  copying file ./Payload/AppNoiSoi.app/assets/node_modules/moment-timezone/data/packed/latest.json ... 
2020-05-18 15:44:01 +0000  191041 bytes for ./Payload/AppNoiSoi.app/assets/node_modules/moment-timezone/data/packed/latest.json
2020-05-18 15:44:01 +0000  copying file ./Payload/AppNoiSoi.app/assets/node_modules/react-native-router-flux/images/menu_burger.png ... 
2020-05-18 15:44:01 +0000  706 bytes for ./Payload/AppNoiSoi.app/assets/node_modules/react-native-router-flux/images/menu_burger.png
copying file ./Payload/AppNoiSoi.app/assets/node_modules/react-native-router-flux/images/back_chevron.png ... 
575 bytes for ./Payload/AppNoiSoi.app/assets/node_modules/react-native-router-flux/images/back_chevron.png
2020-05-18 15:44:01 +0000  copying file ./Payload/AppNoiSoi.app/assets/node_modules/react-navigation-stack/lib/module/views/assets/back-icon@3x.png ... 
2020-05-18 15:44:01 +0000  761 bytes for ./Payload/AppNoiSoi.app/assets/node_modules/react-navigation-stack/lib/module/views/assets/back-icon@3x.png
copying file ./Payload/AppNoiSoi.app/assets/node_modules/react-navigation-stack/lib/module/views/assets/back-icon@2x.png ... 
2020-05-18 15:44:01 +0000  405 bytes for ./Payload/AppNoiSoi.app/assets/node_modules/react-navigation-stack/lib/module/views/assets/back-icon@2x.png
copying file ./Payload/AppNoiSoi.app/assets/node_modules/react-navigation-stack/lib/module/views/assets/back-icon.png ... 
290 bytes for ./Payload/AppNoiSoi.app/assets/node_modules/react-navigation-stack/lib/module/views/assets/back-icon.png
copying file ./Payload/AppNoiSoi.app/assets/node_modules/react-navigation-stack/lib/module/views/assets/back-icon-mask.png ... 
2020-05-18 15:44:01 +0000  1619 bytes for ./Payload/AppNoiSoi.app/assets/node_modules/react-navigation-stack/lib/module/views/assets/back-icon-mask.png
2020-05-18 15:44:01 +0000  copying file ./Payload/AppNoiSoi.app/assets/node_modules/react-native-vector-icons/glyphmaps/Ionicons.json ... 
2020-05-18 15:44:01 +0000  17166 bytes for ./Payload/AppNoiSoi.app/assets/node_modules/react-native-vector-icons/glyphmaps/Ionicons.json
copying file ./Payload/AppNoiSoi.app/assets/node_modules/react-native-vector-icons/glyphmaps/Fontisto.json ... 
2020-05-18 15:44:01 +0000  13107 bytes for ./Payload/AppNoiSoi.app/assets/node_modules/react-native-vector-icons/glyphmaps/Fontisto.json
copying file ./Payload/AppNoiSoi.app/assets/node_modules/react-native-vector-icons/glyphmaps/EvilIcons.json ... 
2020-05-18 15:44:01 +0000  1454 bytes for ./Payload/AppNoiSoi.app/assets/node_modules/react-native-vector-icons/glyphmaps/EvilIcons.json
copying file ./Payload/AppNoiSoi.app/assets/node_modules/react-native-vector-icons/glyphmaps/Octicons.json ... 
2020-05-18 15:44:01 +0000  3992 bytes for ./Payload/AppNoiSoi.app/assets/node_modules/react-native-vector-icons/glyphmaps/Octicons.json
copying file ./Payload/AppNoiSoi.app/assets/node_modules/react-native-vector-icons/glyphmaps/FontAwesome5Free_meta.json ... 
2020-05-18 15:44:01 +0000  26240 bytes for ./Payload/AppNoiSoi.app/assets/node_modules/react-native-vector-icons/glyphmaps/FontAwesome5Free_meta.json
2020-05-18 15:44:01 +0000  copying file ./Payload/AppNoiSoi.app/assets/node_modules/react-native-vector-icons/glyphmaps/FontAwesome.json ... 
2020-05-18 15:44:01 +0000  17437 bytes for ./Payload/AppNoiSoi.app/assets/node_modules/react-native-vector-icons/glyphmaps/FontAwesome.json
copying file ./Payload/AppNoiSoi.app/assets/node_modules/react-native-vector-icons/glyphmaps/MaterialIcons.json ... 
2020-05-18 15:44:01 +0000  22815 bytes for ./Payload/AppNoiSoi.app/assets/node_modules/react-native-vector-icons/glyphmaps/MaterialIcons.json
copying file ./Payload/AppNoiSoi.app/assets/node_modules/react-native-vector-icons/glyphmaps/Entypo.json ... 
2020-05-18 15:44:01 +0000  9486 bytes for ./Payload/AppNoiSoi.app/assets/node_modules/react-native-vector-icons/glyphmaps/Entypo.json
copying file ./Payload/AppNoiSoi.app/assets/node_modules/react-native-vector-icons/glyphmaps/SimpleLineIcons.json ... 
2020-05-18 15:44:01 +0000  4102 bytes for ./Payload/AppNoiSoi.app/assets/node_modules/react-native-vector-icons/glyphmaps/SimpleLineIcons.json
copying file ./Payload/AppNoiSoi.app/assets/node_modules/react-native-vector-icons/glyphmaps/AntDesign.json ... 
2020-05-18 15:44:01 +0000  6303 bytes for ./Payload/AppNoiSoi.app/assets/node_modules/react-native-vector-icons/glyphmaps/AntDesign.json
copying file ./Payload/AppNoiSoi.app/assets/node_modules/react-native-vector-icons/glyphmaps/FontAwesome5Free.json ... 
2020-05-18 15:44:01 +0000  30175 bytes for ./Payload/AppNoiSoi.app/assets/node_modules/react-native-vector-icons/glyphmaps/FontAwesome5Free.json
2020-05-18 15:44:01 +0000  copying file ./Payload/AppNoiSoi.app/assets/node_modules/react-native-vector-icons/glyphmaps/Feather.json ... 
2020-05-18 15:44:01 +0000  5933 bytes for ./Payload/AppNoiSoi.app/assets/node_modules/react-native-vector-icons/glyphmaps/Feather.json
copying file ./Payload/AppNoiSoi.app/assets/node_modules/react-native-vector-icons/glyphmaps/MaterialCommunityIcons.json ... 
2020-05-18 15:44:01 +0000  97065 bytes for ./Payload/AppNoiSoi.app/assets/node_modules/react-native-vector-icons/glyphmaps/MaterialCommunityIcons.json
copying file ./Payload/AppNoiSoi.app/assets/node_modules/react-native-vector-icons/glyphmaps/Foundation.json ... 
2020-05-18 15:44:01 +0000  6417 bytes for ./Payload/AppNoiSoi.app/assets/node_modules/react-native-vector-icons/glyphmaps/Foundation.json
copying file ./Payload/AppNoiSoi.app/assets/node_modules/react-native-vector-icons/glyphmaps/Zocial.json ... 
2020-05-18 15:44:01 +0000  2013 bytes for ./Payload/AppNoiSoi.app/assets/node_modules/react-native-vector-icons/glyphmaps/Zocial.json
2020-05-18 15:44:01 +0000  copying file ./Payload/AppNoiSoi.app/assets/node_modules/react-native-calendars/src/calendar/img/previous@2x.png ... 
2020-05-18 15:44:01 +0000  458 bytes for ./Payload/AppNoiSoi.app/assets/node_modules/react-native-calendars/src/calendar/img/previous@2x.png
copying file ./Payload/AppNoiSoi.app/assets/node_modules/react-native-calendars/src/calendar/img/next@2x.png ... 
462 bytes for ./Payload/AppNoiSoi.app/assets/node_modules/react-native-calendars/src/calendar/img/next@2x.png
2020-05-18 15:44:01 +0000  copying file ./Payload/AppNoiSoi.app/assets/node_modules/react-native-calendars/src/img/down@3x.png ... 
2020-05-18 15:44:01 +0000  508 bytes for ./Payload/AppNoiSoi.app/assets/node_modules/react-native-calendars/src/img/down@3x.png
copying file ./Payload/AppNoiSoi.app/assets/node_modules/react-native-calendars/src/img/down@2x.png ... 
354 bytes for ./Payload/AppNoiSoi.app/assets/node_modules/react-native-calendars/src/img/down@2x.png
copying file ./Payload/AppNoiSoi.app/assets/node_modules/react-native-calendars/src/img/up.png ... 
2020-05-18 15:44:01 +0000  215 bytes for ./Payload/AppNoiSoi.app/assets/node_modules/react-native-calendars/src/img/up.png
copying file ./Payload/AppNoiSoi.app/assets/node_modules/react-native-calendars/src/img/down.png ... 
2020-05-18 15:44:01 +0000  208 bytes for ./Payload/AppNoiSoi.app/assets/node_modules/react-native-calendars/src/img/down.png
copying file ./Payload/AppNoiSoi.app/assets/node_modules/react-native-calendars/src/img/up@2x.png ... 
347 bytes for ./Payload/AppNoiSoi.app/assets/node_modules/react-native-calendars/src/img/up@2x.png
copying file ./Payload/AppNoiSoi.app/assets/node_modules/react-native-calendars/src/img/up@3x.png ... 
2020-05-18 15:44:01 +0000  504 bytes for ./Payload/AppNoiSoi.app/assets/node_modules/react-native-calendars/src/img/up@3x.png
2020-05-18 15:44:01 +0000  copying file ./Payload/AppNoiSoi.app/assets/src/global/asset/images/hospital.png ... 
2020-05-18 15:44:01 +0000  87572 bytes for ./Payload/AppNoiSoi.app/assets/src/global/asset/images/hospital.png
copying file ./Payload/AppNoiSoi.app/assets/src/global/asset/images/_TaiKhoan.png ... 
2020-05-18 15:44:01 +0000  52165 bytes for ./Payload/AppNoiSoi.app/assets/src/global/asset/images/_TaiKhoan.png
copying file ./Payload/AppNoiSoi.app/assets/src/global/asset/images/_CapNhatKienThuc.png ... 
2020-05-18 15:44:01 +0000  44502 bytes for ./Payload/AppNoiSoi.app/assets/src/global/asset/images/_CapNhatKienThuc.png
copying file ./Payload/AppNoiSoi.app/assets/src/global/asset/images/_DatLichKham.png ... 
2020-05-18 15:44:01 +0000  64080 bytes for ./Payload/AppNoiSoi.app/assets/src/global/asset/images/_DatLichKham.png
copying file ./Payload/AppNoiSoi.app/assets/src/global/asset/images/_HuongDanUongThuoc.png ... 
2020-05-18 15:44:01 +0000  44505 bytes for ./Payload/AppNoiSoi.app/assets/src/global/asset/images/_HuongDanUongThuoc.png
copying file ./Payload/AppNoiSoi.app/assets/src/global/asset/images/potty.jpg ... 
2020-05-18 15:44:01 +0000  6661 bytes for ./Payload/AppNoiSoi.app/assets/src/global/asset/images/potty.jpg
copying file ./Payload/AppNoiSoi.app/assets/src/global/asset/images/account.png ... 
2020-05-18 15:44:01 +0000  25582 bytes for ./Payload/AppNoiSoi.app/assets/src/global/asset/images/account.png
copying file ./Payload/AppNoiSoi.app/assets/src/global/asset/images/house.png ... 
2020-05-18 15:44:01 +0000  32952 bytes for ./Payload/AppNoiSoi.app/assets/src/global/asset/images/house.png
2020-05-18 15:44:01 +0000  copying file ./Payload/AppNoiSoi.app/assets/src/global/asset/images/background.jpg ... 
2020-05-18 15:44:01 +0000  986096 bytes for ./Payload/AppNoiSoi.app/assets/src/global/asset/images/background.jpg
copying file ./Payload/AppNoiSoi.app/assets/src/global/asset/images/_ThongTinDichVu.png ... 
2020-05-18 15:44:01 +0000  46790 bytes for ./Payload/AppNoiSoi.app/assets/src/global/asset/images/_ThongTinDichVu.png
copying file ./Payload/AppNoiSoi.app/assets/src/global/asset/images/_HoTroSauNoiSoi.png ... 
2020-05-18 15:44:01 +0000  67700 bytes for ./Payload/AppNoiSoi.app/assets/src/global/asset/images/_HoTroSauNoiSoi.png
copying file ./Payload/AppNoiSoi.app/assets/src/global/asset/images/nurse.png ... 
2020-05-18 15:44:01 +0000  66142 bytes for ./Payload/AppNoiSoi.app/assets/src/global/asset/images/nurse.png
copying file ./Payload/AppNoiSoi.app/assets/src/global/asset/images/cham_soc_sau_noi_soi.jpg ... 
2020-05-18 15:44:01 +0000  33861 bytes for ./Payload/AppNoiSoi.app/assets/src/global/asset/images/cham_soc_sau_noi_soi.jpg
copying file ./Payload/AppNoiSoi.app/assets/src/global/asset/images/HoangLongClinic.jpg ... 
2020-05-18 15:44:01 +0000  7215393 bytes for ./Payload/AppNoiSoi.app/assets/src/global/asset/images/HoangLongClinic.jpg
copying file ./Payload/AppNoiSoi.app/assets/src/global/asset/images/sos.png ... 
2020-05-18 15:44:01 +0000  17122 bytes for ./Payload/AppNoiSoi.app/assets/src/global/asset/images/sos.png
2020-05-18 15:44:01 +0000  copying file ./Payload/AppNoiSoi.app/assets/src/global/asset/logo/zalo.png ... 
2020-05-18 15:44:01 +0000  13154 bytes for ./Payload/AppNoiSoi.app/assets/src/global/asset/logo/zalo.png
copying file ./Payload/AppNoiSoi.app/assets/src/global/asset/logo/logo.png ... 
2020-05-18 15:44:01 +0000  59087 bytes for ./Payload/AppNoiSoi.app/assets/src/global/asset/logo/logo.png
copying file ./Payload/AppNoiSoi.app/assets/src/global/asset/logo/changePwd.jpg ... 
2020-05-18 15:44:01 +0000  51464 bytes for ./Payload/AppNoiSoi.app/assets/src/global/asset/logo/changePwd.jpg
copying file ./Payload/AppNoiSoi.app/assets/src/global/asset/logo/web.png ... 
2020-05-18 15:44:01 +0000  16872 bytes for ./Payload/AppNoiSoi.app/assets/src/global/asset/logo/web.png
copying file ./Payload/AppNoiSoi.app/assets/src/global/asset/logo/youtube.png ... 
2020-05-18 15:44:01 +0000  29028 bytes for ./Payload/AppNoiSoi.app/assets/src/global/asset/logo/youtube.png
copying file ./Payload/AppNoiSoi.app/assets/src/global/asset/logo/logoIGH.png ... 
2020-05-18 15:44:01 +0000  121448 bytes for ./Payload/AppNoiSoi.app/assets/src/global/asset/logo/logoIGH.png
copying file ./Payload/AppNoiSoi.app/assets/src/global/asset/logo/facebook.png ... 
2020-05-18 15:44:01 +0000  18735 bytes for ./Payload/AppNoiSoi.app/assets/src/global/asset/logo/facebook.png
2020-05-18 15:44:01 +0000  copying file ./Payload/AppNoiSoi.app/assets/src/global/asset/icon/email.png ... 
2020-05-18 15:44:01 +0000  9921 bytes for ./Payload/AppNoiSoi.app/assets/src/global/asset/icon/email.png
copying file ./Payload/AppNoiSoi.app/assets/src/global/asset/icon/tick.png ... 
2020-05-18 15:44:01 +0000  9832 bytes for ./Payload/AppNoiSoi.app/assets/src/global/asset/icon/tick.png
copying file ./Payload/AppNoiSoi.app/assets/src/global/asset/icon/bell.gif ... 
2020-05-18 15:44:01 +0000  18855 bytes for ./Payload/AppNoiSoi.app/assets/src/global/asset/icon/bell.gif
copying file ./Payload/AppNoiSoi.app/assets/src/global/asset/icon/schedule.png ... 
2020-05-18 15:44:01 +0000  15142 bytes for ./Payload/AppNoiSoi.app/assets/src/global/asset/icon/schedule.png
copying file ./Payload/AppNoiSoi.app/assets/src/global/asset/icon/notFound.png ... 
16184 bytes for ./Payload/AppNoiSoi.app/assets/src/global/asset/icon/notFound.png
copying file ./Payload/AppNoiSoi.app/assets/src/global/asset/icon/stars.png ... 
737 bytes for ./Payload/AppNoiSoi.app/assets/src/global/asset/icon/stars.png
copying file ./Payload/AppNoiSoi.app/AppIcon20x20@2x~ipad.png ... 
3912 bytes for ./Payload/AppNoiSoi.app/AppIcon20x20@2x~ipad.png
2020-05-18 15:44:01 +0000  copying file ./Payload/AppNoiSoi.app/Info.plist ... 
1869 bytes for ./Payload/AppNoiSoi.app/Info.plist
copying file ./Payload/AppNoiSoi.app/PkgInfo ... 
8 bytes for ./Payload/AppNoiSoi.app/PkgInfo
copying file ./Payload/AppNoiSoi.app/MaterialIcons.ttf ... 
2020-05-18 15:44:01 +0000  128180 bytes for ./Payload/AppNoiSoi.app/MaterialIcons.ttf
copying file ./Payload/AppNoiSoi.app/AppIcon76x76~ipad.png ... 
2020-05-18 15:44:01 +0000  10903 bytes for ./Payload/AppNoiSoi.app/AppIcon76x76~ipad.png
2020-05-18 15:44:01 +0000  /usr/bin/ditto exited with 0
2020-05-18 15:44:01 +0000  Processing step: IDEDistributionAppStoreInformationStep
2020-05-18 15:44:01 +0000  Skipping step: IDEDistributionAppStoreInformationStep because it said so
2020-05-18 15:44:01 +0000  Processing step: IDEDistributionCreateManifestStep
